2026-03-29 16:44:17 | INFO     | BIGQUERY - Detalhes projeto - project_id=eqtl-prj-dev-dlk-governance-ia | friendly_name=eqtl-prj-dev-dlk-governance-ia
2026-03-29 16:44:24 | INFO     | BIGQUERY - Detalhes projeto - project_id=eqtl-prj-shd-dlk-governanc | friendly_name=eqtl-prj-shd-dlk-governanca
2026-03-29 16:44:26 | ERROR    | BIGQUERY - Insert GCPAsset - Traceback (most recent call last):
  File "C:\Users\t41452\Desktop\Wordir\Desenvolvimento\pmo_hub\pmo_hub\lineage\services.py", line 252, in sync_all_from_gcp
    for ds_item in bq_client.list_datasets():
                   ~~~~~~~~~~~~~~~~~~~~~~~^^
  File "C:\Users\t41452\Desktop\Wordir\Desenvolvimento\pmo_hub\.venv\Lib\site-packages\google\api_core\page_iterator.py", line 208, in _items_iter
    for page in self._page_iter(increment=False):
                ~~~~~~~~~~~~~~~^^^^^^^^^^^^^^^^^
  File "C:\Users\t41452\Desktop\Wordir\Desenvolvimento\pmo_hub\.venv\Lib\site-packages\google\api_core\page_iterator.py", line 244, in _page_iter
    page = self._next_page()
  File "C:\Users\t41452\Desktop\Wordir\Desenvolvimento\pmo_hub\.venv\Lib\site-packages\google\api_core\page_iterator.py", line 373, in _next_page
    response = self._get_next_page_response()
  File "C:\Users\t41452\Desktop\Wordir\Desenvolvimento\pmo_hub\.venv\Lib\site-packages\google\api_core\page_iterator.py", line 432, in _get_next_page_response
    return self.api_request(
           ~~~~~~~~~~~~~~~~^
        method=self._HTTP_METHOD, path=self.path, query_params=params
        ^^^^^^^^^^^^^^^^^^^^^^^^^^^^^^^^^^^^^^^^^^^^^^^^^^^^^^^^^^^^^
    )
    ^
  File "C:\Users\t41452\Desktop\Wordir\Desenvolvimento\pmo_hub\.venv\Lib\site-packages\google\cloud\bigquery\client.py", line 520, in api_request
    return self._call_api(
           ~~~~~~~~~~~~~~^
        retry,
        ^^^^^^
    ...<4 lines>...
        **kwargs,
        ^^^^^^^^^
    )
    ^
  File "C:\Users\t41452\Desktop\Wordir\Desenvolvimento\pmo_hub\.venv\Lib\site-packages\google\cloud\bigquery\client.py", line 861, in _call_api
    return call()
  File "C:\Users\t41452\Desktop\Wordir\Desenvolvimento\pmo_hub\.venv\Lib\site-packages\google\api_core\retry\retry_unary.py", line 294, in retry_wrapped_func
    return retry_target(
        target,
    ...<3 lines>...
        on_error=on_error,
    )
  File "C:\Users\t41452\Desktop\Wordir\Desenvolvimento\pmo_hub\.venv\Lib\site-packages\google\api_core\retry\retry_unary.py", line 156, in retry_target
    next_sleep = _retry_error_helper(
        exc,
    ...<6 lines>...
        timeout,
    )
  File "C:\Users\t41452\Desktop\Wordir\Desenvolvimento\pmo_hub\.venv\Lib\site-packages\google\api_core\retry\retry_base.py", line 216, in _retry_error_helper
    raise final_exc from source_exc
  File "C:\Users\t41452\Desktop\Wordir\Desenvolvimento\pmo_hub\.venv\Lib\site-packages\google\api_core\retry\retry_unary.py", line 147, in retry_target
    result = target()
  File "C:\Users\t41452\Desktop\Wordir\Desenvolvimento\pmo_hub\.venv\Lib\site-packages\google\cloud\_http\__init__.py", line 494, in api_request
    raise exceptions.from_http_response(response)
google.api_core.exceptions.NotFound: 404 GET https://bigquery.googleapis.com/bigquery/v2/projects/eqtl-prj-shd-dlk-governanca/datasets?prettyPrint=false: Not found: Project eqtl-prj-shd-dlk-governanca

2026-03-29 16:44:32 | INFO     | BIGQUERY - Detalhes projeto - project_id=eqtl-prj-hml-dlk-gold-cx | friendly_name= eqtl-prj-hml-dlk-gold-cx
2026-03-29 16:44:33 | ERROR    | BIGQUERY - Insert GCPAsset - Traceback (most recent call last):
  File "C:\Users\t41452\Desktop\Wordir\Desenvolvimento\pmo_hub\pmo_hub\lineage\services.py", line 252, in sync_all_from_gcp
    for ds_item in bq_client.list_datasets():
                   ~~~~~~~~~~~~~~~~~~~~~~~^^
  File "C:\Users\t41452\Desktop\Wordir\Desenvolvimento\pmo_hub\.venv\Lib\site-packages\google\api_core\page_iterator.py", line 208, in _items_iter
    for page in self._page_iter(increment=False):
                ~~~~~~~~~~~~~~~^^^^^^^^^^^^^^^^^
  File "C:\Users\t41452\Desktop\Wordir\Desenvolvimento\pmo_hub\.venv\Lib\site-packages\google\api_core\page_iterator.py", line 244, in _page_iter
    page = self._next_page()
  File "C:\Users\t41452\Desktop\Wordir\Desenvolvimento\pmo_hub\.venv\Lib\site-packages\google\api_core\page_iterator.py", line 373, in _next_page
    response = self._get_next_page_response()
  File "C:\Users\t41452\Desktop\Wordir\Desenvolvimento\pmo_hub\.venv\Lib\site-packages\google\api_core\page_iterator.py", line 432, in _get_next_page_response
    return self.api_request(
           ~~~~~~~~~~~~~~~~^
        method=self._HTTP_METHOD, path=self.path, query_params=params
        ^^^^^^^^^^^^^^^^^^^^^^^^^^^^^^^^^^^^^^^^^^^^^^^^^^^^^^^^^^^^^
    )
    ^
  File "C:\Users\t41452\Desktop\Wordir\Desenvolvimento\pmo_hub\.venv\Lib\site-packages\google\cloud\bigquery\client.py", line 520, in api_request
    return self._call_api(
           ~~~~~~~~~~~~~~^
        retry,
        ^^^^^^
    ...<4 lines>...
        **kwargs,
        ^^^^^^^^^
    )
    ^
  File "C:\Users\t41452\Desktop\Wordir\Desenvolvimento\pmo_hub\.venv\Lib\site-packages\google\cloud\bigquery\client.py", line 861, in _call_api
    return call()
  File "C:\Users\t41452\Desktop\Wordir\Desenvolvimento\pmo_hub\.venv\Lib\site-packages\google\api_core\retry\retry_unary.py", line 294, in retry_wrapped_func
    return retry_target(
        target,
    ...<3 lines>...
        on_error=on_error,
    )
  File "C:\Users\t41452\Desktop\Wordir\Desenvolvimento\pmo_hub\.venv\Lib\site-packages\google\api_core\retry\retry_unary.py", line 156, in retry_target
    next_sleep = _retry_error_helper(
        exc,
    ...<6 lines>...
        timeout,
    )
  File "C:\Users\t41452\Desktop\Wordir\Desenvolvimento\pmo_hub\.venv\Lib\site-packages\google\api_core\retry\retry_base.py", line 216, in _retry_error_helper
    raise final_exc from source_exc
  File "C:\Users\t41452\Desktop\Wordir\Desenvolvimento\pmo_hub\.venv\Lib\site-packages\google\api_core\retry\retry_unary.py", line 147, in retry_target
    result = target()
  File "C:\Users\t41452\Desktop\Wordir\Desenvolvimento\pmo_hub\.venv\Lib\site-packages\google\cloud\_http\__init__.py", line 494, in api_request
    raise exceptions.from_http_response(response)
google.api_core.exceptions.BadRequest: 400 GET https://bigquery.googleapis.com/bigquery/v2/projects/%20eqtl-prj-hml-dlk-gold-cx/datasets?prettyPrint=false: Invalid project ID ' eqtl-prj-hml-dlk-gold-cx'. Project IDs must contain 6-63 lowercase letters, digits, or dashes. Some project IDs also include domain name separated by a colon. IDs must start with a letter and may not end with a dash.

2026-03-29 16:44:38 | INFO     | BIGQUERY - Detalhes projeto - project_id=eqtl-prj-hml-dlk-silver | friendly_name=eqtl-prj-hml-dlk-silver
2026-03-29 16:44:39 | INFO     | BIGQUERY - Entrou em ds_item <google.cloud.bigquery.dataset.DatasetListItem object at 0x000002C2C3F98590>
2026-03-29 16:44:40 | ERROR    | BIGQUERY - Insert GCPAsset - Traceback (most recent call last):
  File "C:\Users\t41452\Desktop\Wordir\Desenvolvimento\pmo_hub\.venv\Lib\site-packages\django\db\models\query.py", line 987, in get_or_create
    return self.get(**kwargs), False
           ~~~~~~~~^^^^^^^^^^
  File "C:\Users\t41452\Desktop\Wordir\Desenvolvimento\pmo_hub\.venv\Lib\site-packages\django\db\models\query.py", line 639, in get
    raise self.model.DoesNotExist(
        "%s matching query does not exist." % self.model._meta.object_name
    )
lineage.models.GCPAsset.DoesNotExist: GCPAsset matching query does not exist.

During handling of the above exception, another exception occurred:

Traceback (most recent call last):
  File "C:\Users\t41452\Desktop\Wordir\Desenvolvimento\pmo_hub\.venv\Lib\site-packages\django\db\models\fields\__init__.py", line 2128, in get_prep_value
    return int(value)
ValueError: invalid literal for int() with base 10: 'eqtl-prj-hml-dlk-silver'

The above exception was the direct cause of the following exception:

Traceback (most recent call last):
  File "C:\Users\t41452\Desktop\Wordir\Desenvolvimento\pmo_hub\pmo_hub\lineage\services.py", line 263, in sync_all_from_gcp
    asset, _ = GCPAsset.objects.update_or_create(
               ~~~~~~~~~~~~~~~~~~~~~~~~~~~~~~~~~^
        uri=f"{pid}:{ds.dataset_id}",
        ^^^^^^^^^^^^^^^^^^^^^^^^^^^^^
        defaults=defaults,
        ^^^^^^^^^^^^^^^^^^
    )
    ^
  File "C:\Users\t41452\Desktop\Wordir\Desenvolvimento\pmo_hub\.venv\Lib\site-packages\django\db\models\manager.py", line 87, in manager_method
    return getattr(self.get_queryset(), name)(*args, **kwargs)
           ~~~~~~~~~~~~~~~~~~~~~~~~~~~~~~~~~~^^^^^^^^^^^^^^^^^
  File "C:\Users\t41452\Desktop\Wordir\Desenvolvimento\pmo_hub\.venv\Lib\site-packages\django\db\models\query.py", line 1029, in update_or_create
    obj, created = self.select_for_update().get_or_create(
                   ~~~~~~~~~~~~~~~~~~~~~~~~~~~~~~~~~~~~~~^
        create_defaults, **kwargs
        ^^^^^^^^^^^^^^^^^^^^^^^^^
    )
    ^
  File "C:\Users\t41452\Desktop\Wordir\Desenvolvimento\pmo_hub\.venv\Lib\site-packages\django\db\models\query.py", line 994, in get_or_create
    return self.create(**params), True
           ~~~~~~~~~~~^^^^^^^^^^
  File "C:\Users\t41452\Desktop\Wordir\Desenvolvimento\pmo_hub\.venv\Lib\site-packages\django\db\models\query.py", line 669, in create
    obj.save(force_insert=True, using=self.db)
    ~~~~~~~~^^^^^^^^^^^^^^^^^^^^^^^^^^^^^^^^^^
  File "C:\Users\t41452\Desktop\Wordir\Desenvolvimento\pmo_hub\.venv\Lib\site-packages\django\db\models\base.py", line 874, in save
    self.save_base(
    ~~~~~~~~~~~~~~^
        using=using,
        ^^^^^^^^^^^^
    ...<2 lines>...
        update_fields=update_fields,
        ^^^^^^^^^^^^^^^^^^^^^^^^^^^^
    )
    ^
  File "C:\Users\t41452\Desktop\Wordir\Desenvolvimento\pmo_hub\.venv\Lib\site-packages\django\db\models\base.py", line 966, in save_base
    updated = self._save_table(
        raw,
    ...<4 lines>...
        update_fields,
    )
  File "C:\Users\t41452\Desktop\Wordir\Desenvolvimento\pmo_hub\.venv\Lib\site-packages\django\db\models\base.py", line 1167, in _save_table
    results = self._do_insert(
        cls._base_manager, using, insert_fields, returning_fields, raw
    )
  File "C:\Users\t41452\Desktop\Wordir\Desenvolvimento\pmo_hub\.venv\Lib\site-packages\django\db\models\base.py", line 1218, in _do_insert
    return manager._insert(
           ~~~~~~~~~~~~~~~^
        [self],
        ^^^^^^^
    ...<3 lines>...
        raw=raw,
        ^^^^^^^^
    )
    ^
  File "C:\Users\t41452\Desktop\Wordir\Desenvolvimento\pmo_hub\.venv\Lib\site-packages\django\db\models\manager.py", line 87, in manager_method
    return getattr(self.get_queryset(), name)(*args, **kwargs)
           ~~~~~~~~~~~~~~~~~~~~~~~~~~~~~~~~~~^^^^^^^^^^^^^^^^^
  File "C:\Users\t41452\Desktop\Wordir\Desenvolvimento\pmo_hub\.venv\Lib\site-packages\django\db\models\query.py", line 1918, in _insert
    return query.get_compiler(using=using).execute_sql(returning_fields)
           ~~~~~~~~~~~~~~~~~~~~~~~~~~~~~~~~~~~~~~~~~~~^^^^^^^^^^^^^^^^^^
  File "C:\Users\t41452\Desktop\Wordir\Desenvolvimento\pmo_hub\.venv\Lib\site-packages\django\db\models\sql\compiler.py", line 1924, in execute_sql
    for sql, params in self.as_sql():
                       ~~~~~~~~~~~^^
  File "C:\Users\t41452\Desktop\Wordir\Desenvolvimento\pmo_hub\.venv\Lib\site-packages\django\db\models\sql\compiler.py", line 1813, in as_sql
    field_prepare(field_pre_save(obj)) for obj in self.query.objs
    ~~~~~~~~~~~~~^^^^^^^^^^^^^^^^^^^^^
  File "C:\Users\t41452\Desktop\Wordir\Desenvolvimento\pmo_hub\.venv\Lib\site-packages\django\db\models\sql\compiler.py", line 1742, in prepare_value
    return field.get_db_prep_save(value, connection=self.connection)
           ~~~~~~~~~~~~~~~~~~~~~~^^^^^^^^^^^^^^^^^^^^^^^^^^^^^^^^^^^
  File "C:\Users\t41452\Desktop\Wordir\Desenvolvimento\pmo_hub\.venv\Lib\site-packages\django\db\models\fields\related.py", line 1189, in get_db_prep_save
    return self.target_field.get_db_prep_save(value, connection=connection)
           ~~~~~~~~~~~~~~~~~~~~~~~~~~~~~~~~~~^^^^^^^^^^^^^^^^^^^^^^^^^^^^^^
  File "C:\Users\t41452\Desktop\Wordir\Desenvolvimento\pmo_hub\.venv\Lib\site-packages\django\db\models\fields\__init__.py", line 1011, in get_db_prep_save
    return self.get_db_prep_value(value, connection=connection, prepared=False)
           ~~~~~~~~~~~~~~~~~~~~~~^^^^^^^^^^^^^^^^^^^^^^^^^^^^^^^^^^^^^^^^^^^^^^
  File "C:\Users\t41452\Desktop\Wordir\Desenvolvimento\pmo_hub\.venv\Lib\site-packages\django\db\models\fields\__init__.py", line 2820, in get_db_prep_value
    value = self.get_prep_value(value)
  File "C:\Users\t41452\Desktop\Wordir\Desenvolvimento\pmo_hub\.venv\Lib\site-packages\django\db\models\fields\__init__.py", line 2130, in get_prep_value
    raise e.__class__(
        "Field '%s' expected a number but got %r." % (self.name, value),
    ) from e
ValueError: Field 'id' expected a number but got 'eqtl-prj-hml-dlk-silver'.

2026-03-29 16:44:45 | INFO     | BIGQUERY - Detalhes projeto - project_id=eqtl-prj-hml-dlk-bronze | friendly_name=eqtl-prj-hml-dlk-bronze
2026-03-29 16:44:46 | INFO     | BIGQUERY - Entrou em ds_item <google.cloud.bigquery.dataset.DatasetListItem object at 0x000002C2C401D590>
2026-03-29 16:44:47 | ERROR    | BIGQUERY - Insert GCPAsset - Traceback (most recent call last):
  File "C:\Users\t41452\Desktop\Wordir\Desenvolvimento\pmo_hub\.venv\Lib\site-packages\django\db\models\query.py", line 987, in get_or_create
    return self.get(**kwargs), False
           ~~~~~~~~^^^^^^^^^^
  File "C:\Users\t41452\Desktop\Wordir\Desenvolvimento\pmo_hub\.venv\Lib\site-packages\django\db\models\query.py", line 639, in get
    raise self.model.DoesNotExist(
        "%s matching query does not exist." % self.model._meta.object_name
    )
lineage.models.GCPAsset.DoesNotExist: GCPAsset matching query does not exist.

During handling of the above exception, another exception occurred:

Traceback (most recent call last):
  File "C:\Users\t41452\Desktop\Wordir\Desenvolvimento\pmo_hub\.venv\Lib\site-packages\django\db\models\fields\__init__.py", line 2128, in get_prep_value
    return int(value)
ValueError: invalid literal for int() with base 10: 'eqtl-prj-hml-dlk-bronze'

The above exception was the direct cause of the following exception:

Traceback (most recent call last):
  File "C:\Users\t41452\Desktop\Wordir\Desenvolvimento\pmo_hub\pmo_hub\lineage\services.py", line 263, in sync_all_from_gcp
    asset, _ = GCPAsset.objects.update_or_create(
               ~~~~~~~~~~~~~~~~~~~~~~~~~~~~~~~~~^
        uri=f"{pid}:{ds.dataset_id}",
        ^^^^^^^^^^^^^^^^^^^^^^^^^^^^^
        defaults=defaults,
        ^^^^^^^^^^^^^^^^^^
    )
    ^
  File "C:\Users\t41452\Desktop\Wordir\Desenvolvimento\pmo_hub\.venv\Lib\site-packages\django\db\models\manager.py", line 87, in manager_method
    return getattr(self.get_queryset(), name)(*args, **kwargs)
           ~~~~~~~~~~~~~~~~~~~~~~~~~~~~~~~~~~^^^^^^^^^^^^^^^^^
  File "C:\Users\t41452\Desktop\Wordir\Desenvolvimento\pmo_hub\.venv\Lib\site-packages\django\db\models\query.py", line 1029, in update_or_create
    obj, created = self.select_for_update().get_or_create(
                   ~~~~~~~~~~~~~~~~~~~~~~~~~~~~~~~~~~~~~~^
        create_defaults, **kwargs
        ^^^^^^^^^^^^^^^^^^^^^^^^^
    )
    ^
  File "C:\Users\t41452\Desktop\Wordir\Desenvolvimento\pmo_hub\.venv\Lib\site-packages\django\db\models\query.py", line 994, in get_or_create
    return self.create(**params), True
           ~~~~~~~~~~~^^^^^^^^^^
  File "C:\Users\t41452\Desktop\Wordir\Desenvolvimento\pmo_hub\.venv\Lib\site-packages\django\db\models\query.py", line 669, in create
    obj.save(force_insert=True, using=self.db)
    ~~~~~~~~^^^^^^^^^^^^^^^^^^^^^^^^^^^^^^^^^^
  File "C:\Users\t41452\Desktop\Wordir\Desenvolvimento\pmo_hub\.venv\Lib\site-packages\django\db\models\base.py", line 874, in save
    self.save_base(
    ~~~~~~~~~~~~~~^
        using=using,
        ^^^^^^^^^^^^
    ...<2 lines>...
        update_fields=update_fields,
        ^^^^^^^^^^^^^^^^^^^^^^^^^^^^
    )
    ^
  File "C:\Users\t41452\Desktop\Wordir\Desenvolvimento\pmo_hub\.venv\Lib\site-packages\django\db\models\base.py", line 966, in save_base
    updated = self._save_table(
        raw,
    ...<4 lines>...
        update_fields,
    )
  File "C:\Users\t41452\Desktop\Wordir\Desenvolvimento\pmo_hub\.venv\Lib\site-packages\django\db\models\base.py", line 1167, in _save_table
    results = self._do_insert(
        cls._base_manager, using, insert_fields, returning_fields, raw
    )
  File "C:\Users\t41452\Desktop\Wordir\Desenvolvimento\pmo_hub\.venv\Lib\site-packages\django\db\models\base.py", line 1218, in _do_insert
    return manager._insert(
           ~~~~~~~~~~~~~~~^
        [self],
        ^^^^^^^
    ...<3 lines>...
        raw=raw,
        ^^^^^^^^
    )
    ^
  File "C:\Users\t41452\Desktop\Wordir\Desenvolvimento\pmo_hub\.venv\Lib\site-packages\django\db\models\manager.py", line 87, in manager_method
    return getattr(self.get_queryset(), name)(*args, **kwargs)
           ~~~~~~~~~~~~~~~~~~~~~~~~~~~~~~~~~~^^^^^^^^^^^^^^^^^
  File "C:\Users\t41452\Desktop\Wordir\Desenvolvimento\pmo_hub\.venv\Lib\site-packages\django\db\models\query.py", line 1918, in _insert
    return query.get_compiler(using=using).execute_sql(returning_fields)
           ~~~~~~~~~~~~~~~~~~~~~~~~~~~~~~~~~~~~~~~~~~~^^^^^^^^^^^^^^^^^^
  File "C:\Users\t41452\Desktop\Wordir\Desenvolvimento\pmo_hub\.venv\Lib\site-packages\django\db\models\sql\compiler.py", line 1924, in execute_sql
    for sql, params in self.as_sql():
                       ~~~~~~~~~~~^^
  File "C:\Users\t41452\Desktop\Wordir\Desenvolvimento\pmo_hub\.venv\Lib\site-packages\django\db\models\sql\compiler.py", line 1813, in as_sql
    field_prepare(field_pre_save(obj)) for obj in self.query.objs
    ~~~~~~~~~~~~~^^^^^^^^^^^^^^^^^^^^^
  File "C:\Users\t41452\Desktop\Wordir\Desenvolvimento\pmo_hub\.venv\Lib\site-packages\django\db\models\sql\compiler.py", line 1742, in prepare_value
    return field.get_db_prep_save(value, connection=self.connection)
           ~~~~~~~~~~~~~~~~~~~~~~^^^^^^^^^^^^^^^^^^^^^^^^^^^^^^^^^^^
  File "C:\Users\t41452\Desktop\Wordir\Desenvolvimento\pmo_hub\.venv\Lib\site-packages\django\db\models\fields\related.py", line 1189, in get_db_prep_save
    return self.target_field.get_db_prep_save(value, connection=connection)
           ~~~~~~~~~~~~~~~~~~~~~~~~~~~~~~~~~~^^^^^^^^^^^^^^^^^^^^^^^^^^^^^^
  File "C:\Users\t41452\Desktop\Wordir\Desenvolvimento\pmo_hub\.venv\Lib\site-packages\django\db\models\fields\__init__.py", line 1011, in get_db_prep_save
    return self.get_db_prep_value(value, connection=connection, prepared=False)
           ~~~~~~~~~~~~~~~~~~~~~~^^^^^^^^^^^^^^^^^^^^^^^^^^^^^^^^^^^^^^^^^^^^^^
  File "C:\Users\t41452\Desktop\Wordir\Desenvolvimento\pmo_hub\.venv\Lib\site-packages\django\db\models\fields\__init__.py", line 2820, in get_db_prep_value
    value = self.get_prep_value(value)
  File "C:\Users\t41452\Desktop\Wordir\Desenvolvimento\pmo_hub\.venv\Lib\site-packages\django\db\models\fields\__init__.py", line 2130, in get_prep_value
    raise e.__class__(
        "Field '%s' expected a number but got %r." % (self.name, value),
    ) from e
ValueError: Field 'id' expected a number but got 'eqtl-prj-hml-dlk-bronze'.

2026-03-29 16:44:51 | INFO     | BIGQUERY - Detalhes projeto - project_id=eqtl-prj-hml-dlk-pipeline | friendly_name=eqtl-prj-hml-dlk-pipeline
2026-03-29 16:44:53 | INFO     | BIGQUERY - Entrou em ds_item <google.cloud.bigquery.dataset.DatasetListItem object at 0x000002C2C401E490>
2026-03-29 16:44:53 | ERROR    | BIGQUERY - Insert GCPAsset - Traceback (most recent call last):
  File "C:\Users\t41452\Desktop\Wordir\Desenvolvimento\pmo_hub\.venv\Lib\site-packages\django\db\models\query.py", line 987, in get_or_create
    return self.get(**kwargs), False
           ~~~~~~~~^^^^^^^^^^
  File "C:\Users\t41452\Desktop\Wordir\Desenvolvimento\pmo_hub\.venv\Lib\site-packages\django\db\models\query.py", line 639, in get
    raise self.model.DoesNotExist(
        "%s matching query does not exist." % self.model._meta.object_name
    )
lineage.models.GCPAsset.DoesNotExist: GCPAsset matching query does not exist.

During handling of the above exception, another exception occurred:

Traceback (most recent call last):
  File "C:\Users\t41452\Desktop\Wordir\Desenvolvimento\pmo_hub\.venv\Lib\site-packages\django\db\models\fields\__init__.py", line 2128, in get_prep_value
    return int(value)
ValueError: invalid literal for int() with base 10: 'eqtl-prj-hml-dlk-pipeline'

The above exception was the direct cause of the following exception:

Traceback (most recent call last):
  File "C:\Users\t41452\Desktop\Wordir\Desenvolvimento\pmo_hub\pmo_hub\lineage\services.py", line 263, in sync_all_from_gcp
    asset, _ = GCPAsset.objects.update_or_create(
               ~~~~~~~~~~~~~~~~~~~~~~~~~~~~~~~~~^
        uri=f"{pid}:{ds.dataset_id}",
        ^^^^^^^^^^^^^^^^^^^^^^^^^^^^^
        defaults=defaults,
        ^^^^^^^^^^^^^^^^^^
    )
    ^
  File "C:\Users\t41452\Desktop\Wordir\Desenvolvimento\pmo_hub\.venv\Lib\site-packages\django\db\models\manager.py", line 87, in manager_method
    return getattr(self.get_queryset(), name)(*args, **kwargs)
           ~~~~~~~~~~~~~~~~~~~~~~~~~~~~~~~~~~^^^^^^^^^^^^^^^^^
  File "C:\Users\t41452\Desktop\Wordir\Desenvolvimento\pmo_hub\.venv\Lib\site-packages\django\db\models\query.py", line 1029, in update_or_create
    obj, created = self.select_for_update().get_or_create(
                   ~~~~~~~~~~~~~~~~~~~~~~~~~~~~~~~~~~~~~~^
        create_defaults, **kwargs
        ^^^^^^^^^^^^^^^^^^^^^^^^^
    )
    ^
  File "C:\Users\t41452\Desktop\Wordir\Desenvolvimento\pmo_hub\.venv\Lib\site-packages\django\db\models\query.py", line 994, in get_or_create
    return self.create(**params), True
           ~~~~~~~~~~~^^^^^^^^^^
  File "C:\Users\t41452\Desktop\Wordir\Desenvolvimento\pmo_hub\.venv\Lib\site-packages\django\db\models\query.py", line 669, in create
    obj.save(force_insert=True, using=self.db)
    ~~~~~~~~^^^^^^^^^^^^^^^^^^^^^^^^^^^^^^^^^^
  File "C:\Users\t41452\Desktop\Wordir\Desenvolvimento\pmo_hub\.venv\Lib\site-packages\django\db\models\base.py", line 874, in save
    self.save_base(
    ~~~~~~~~~~~~~~^
        using=using,
        ^^^^^^^^^^^^
    ...<2 lines>...
        update_fields=update_fields,
        ^^^^^^^^^^^^^^^^^^^^^^^^^^^^
    )
    ^
  File "C:\Users\t41452\Desktop\Wordir\Desenvolvimento\pmo_hub\.venv\Lib\site-packages\django\db\models\base.py", line 966, in save_base
    updated = self._save_table(
        raw,
    ...<4 lines>...
        update_fields,
    )
  File "C:\Users\t41452\Desktop\Wordir\Desenvolvimento\pmo_hub\.venv\Lib\site-packages\django\db\models\base.py", line 1167, in _save_table
    results = self._do_insert(
        cls._base_manager, using, insert_fields, returning_fields, raw
    )
  File "C:\Users\t41452\Desktop\Wordir\Desenvolvimento\pmo_hub\.venv\Lib\site-packages\django\db\models\base.py", line 1218, in _do_insert
    return manager._insert(
           ~~~~~~~~~~~~~~~^
        [self],
        ^^^^^^^
    ...<3 lines>...
        raw=raw,
        ^^^^^^^^
    )
    ^
  File "C:\Users\t41452\Desktop\Wordir\Desenvolvimento\pmo_hub\.venv\Lib\site-packages\django\db\models\manager.py", line 87, in manager_method
    return getattr(self.get_queryset(), name)(*args, **kwargs)
           ~~~~~~~~~~~~~~~~~~~~~~~~~~~~~~~~~~^^^^^^^^^^^^^^^^^
  File "C:\Users\t41452\Desktop\Wordir\Desenvolvimento\pmo_hub\.venv\Lib\site-packages\django\db\models\query.py", line 1918, in _insert
    return query.get_compiler(using=using).execute_sql(returning_fields)
           ~~~~~~~~~~~~~~~~~~~~~~~~~~~~~~~~~~~~~~~~~~~^^^^^^^^^^^^^^^^^^
  File "C:\Users\t41452\Desktop\Wordir\Desenvolvimento\pmo_hub\.venv\Lib\site-packages\django\db\models\sql\compiler.py", line 1924, in execute_sql
    for sql, params in self.as_sql():
                       ~~~~~~~~~~~^^
  File "C:\Users\t41452\Desktop\Wordir\Desenvolvimento\pmo_hub\.venv\Lib\site-packages\django\db\models\sql\compiler.py", line 1813, in as_sql
    field_prepare(field_pre_save(obj)) for obj in self.query.objs
    ~~~~~~~~~~~~~^^^^^^^^^^^^^^^^^^^^^
  File "C:\Users\t41452\Desktop\Wordir\Desenvolvimento\pmo_hub\.venv\Lib\site-packages\django\db\models\sql\compiler.py", line 1742, in prepare_value
    return field.get_db_prep_save(value, connection=self.connection)
           ~~~~~~~~~~~~~~~~~~~~~~^^^^^^^^^^^^^^^^^^^^^^^^^^^^^^^^^^^
  File "C:\Users\t41452\Desktop\Wordir\Desenvolvimento\pmo_hub\.venv\Lib\site-packages\django\db\models\fields\related.py", line 1189, in get_db_prep_save
    return self.target_field.get_db_prep_save(value, connection=connection)
           ~~~~~~~~~~~~~~~~~~~~~~~~~~~~~~~~~~^^^^^^^^^^^^^^^^^^^^^^^^^^^^^^
  File "C:\Users\t41452\Desktop\Wordir\Desenvolvimento\pmo_hub\.venv\Lib\site-packages\django\db\models\fields\__init__.py", line 1011, in get_db_prep_save
    return self.get_db_prep_value(value, connection=connection, prepared=False)
           ~~~~~~~~~~~~~~~~~~~~~~^^^^^^^^^^^^^^^^^^^^^^^^^^^^^^^^^^^^^^^^^^^^^^
  File "C:\Users\t41452\Desktop\Wordir\Desenvolvimento\pmo_hub\.venv\Lib\site-packages\django\db\models\fields\__init__.py", line 2820, in get_db_prep_value
    value = self.get_prep_value(value)
  File "C:\Users\t41452\Desktop\Wordir\Desenvolvimento\pmo_hub\.venv\Lib\site-packages\django\db\models\fields\__init__.py", line 2130, in get_prep_value
    raise e.__class__(
        "Field '%s' expected a number but got %r." % (self.name, value),
    ) from e
ValueError: Field 'id' expected a number but got 'eqtl-prj-hml-dlk-pipeline'.

2026-03-29 16:44:58 | INFO     | BIGQUERY - Detalhes projeto - project_id=eqtl-prj-prd-dlk-gold-cx | friendly_name=eqtl-prj-prd-dlk-gold-cx
2026-03-29 16:44:59 | INFO     | BIGQUERY - Entrou em ds_item <google.cloud.bigquery.dataset.DatasetListItem object at 0x000002C2C3EFFBB0>
2026-03-29 16:45:00 | ERROR    | BIGQUERY - Insert GCPAsset - Traceback (most recent call last):
  File "C:\Users\t41452\Desktop\Wordir\Desenvolvimento\pmo_hub\.venv\Lib\site-packages\django\db\models\query.py", line 987, in get_or_create
    return self.get(**kwargs), False
           ~~~~~~~~^^^^^^^^^^
  File "C:\Users\t41452\Desktop\Wordir\Desenvolvimento\pmo_hub\.venv\Lib\site-packages\django\db\models\query.py", line 639, in get
    raise self.model.DoesNotExist(
        "%s matching query does not exist." % self.model._meta.object_name
    )
lineage.models.GCPAsset.DoesNotExist: GCPAsset matching query does not exist.

During handling of the above exception, another exception occurred:

Traceback (most recent call last):
  File "C:\Users\t41452\Desktop\Wordir\Desenvolvimento\pmo_hub\.venv\Lib\site-packages\django\db\models\fields\__init__.py", line 2128, in get_prep_value
    return int(value)
ValueError: invalid literal for int() with base 10: 'eqtl-prj-prd-dlk-gold-cx'

The above exception was the direct cause of the following exception:

Traceback (most recent call last):
  File "C:\Users\t41452\Desktop\Wordir\Desenvolvimento\pmo_hub\pmo_hub\lineage\services.py", line 263, in sync_all_from_gcp
    asset, _ = GCPAsset.objects.update_or_create(
               ~~~~~~~~~~~~~~~~~~~~~~~~~~~~~~~~~^
        uri=f"{pid}:{ds.dataset_id}",
        ^^^^^^^^^^^^^^^^^^^^^^^^^^^^^
        defaults=defaults,
        ^^^^^^^^^^^^^^^^^^
    )
    ^
  File "C:\Users\t41452\Desktop\Wordir\Desenvolvimento\pmo_hub\.venv\Lib\site-packages\django\db\models\manager.py", line 87, in manager_method
    return getattr(self.get_queryset(), name)(*args, **kwargs)
           ~~~~~~~~~~~~~~~~~~~~~~~~~~~~~~~~~~^^^^^^^^^^^^^^^^^
  File "C:\Users\t41452\Desktop\Wordir\Desenvolvimento\pmo_hub\.venv\Lib\site-packages\django\db\models\query.py", line 1029, in update_or_create
    obj, created = self.select_for_update().get_or_create(
                   ~~~~~~~~~~~~~~~~~~~~~~~~~~~~~~~~~~~~~~^
        create_defaults, **kwargs
        ^^^^^^^^^^^^^^^^^^^^^^^^^
    )
    ^
  File "C:\Users\t41452\Desktop\Wordir\Desenvolvimento\pmo_hub\.venv\Lib\site-packages\django\db\models\query.py", line 994, in get_or_create
    return self.create(**params), True
           ~~~~~~~~~~~^^^^^^^^^^
  File "C:\Users\t41452\Desktop\Wordir\Desenvolvimento\pmo_hub\.venv\Lib\site-packages\django\db\models\query.py", line 669, in create
    obj.save(force_insert=True, using=self.db)
    ~~~~~~~~^^^^^^^^^^^^^^^^^^^^^^^^^^^^^^^^^^
  File "C:\Users\t41452\Desktop\Wordir\Desenvolvimento\pmo_hub\.venv\Lib\site-packages\django\db\models\base.py", line 874, in save
    self.save_base(
    ~~~~~~~~~~~~~~^
        using=using,
        ^^^^^^^^^^^^
    ...<2 lines>...
        update_fields=update_fields,
        ^^^^^^^^^^^^^^^^^^^^^^^^^^^^
    )
    ^
  File "C:\Users\t41452\Desktop\Wordir\Desenvolvimento\pmo_hub\.venv\Lib\site-packages\django\db\models\base.py", line 966, in save_base
    updated = self._save_table(
        raw,
    ...<4 lines>...
        update_fields,
    )
  File "C:\Users\t41452\Desktop\Wordir\Desenvolvimento\pmo_hub\.venv\Lib\site-packages\django\db\models\base.py", line 1167, in _save_table
    results = self._do_insert(
        cls._base_manager, using, insert_fields, returning_fields, raw
    )
  File "C:\Users\t41452\Desktop\Wordir\Desenvolvimento\pmo_hub\.venv\Lib\site-packages\django\db\models\base.py", line 1218, in _do_insert
    return manager._insert(
           ~~~~~~~~~~~~~~~^
        [self],
        ^^^^^^^
    ...<3 lines>...
        raw=raw,
        ^^^^^^^^
    )
    ^
  File "C:\Users\t41452\Desktop\Wordir\Desenvolvimento\pmo_hub\.venv\Lib\site-packages\django\db\models\manager.py", line 87, in manager_method
    return getattr(self.get_queryset(), name)(*args, **kwargs)
           ~~~~~~~~~~~~~~~~~~~~~~~~~~~~~~~~~~^^^^^^^^^^^^^^^^^
  File "C:\Users\t41452\Desktop\Wordir\Desenvolvimento\pmo_hub\.venv\Lib\site-packages\django\db\models\query.py", line 1918, in _insert
    return query.get_compiler(using=using).execute_sql(returning_fields)
           ~~~~~~~~~~~~~~~~~~~~~~~~~~~~~~~~~~~~~~~~~~~^^^^^^^^^^^^^^^^^^
  File "C:\Users\t41452\Desktop\Wordir\Desenvolvimento\pmo_hub\.venv\Lib\site-packages\django\db\models\sql\compiler.py", line 1924, in execute_sql
    for sql, params in self.as_sql():
                       ~~~~~~~~~~~^^
  File "C:\Users\t41452\Desktop\Wordir\Desenvolvimento\pmo_hub\.venv\Lib\site-packages\django\db\models\sql\compiler.py", line 1813, in as_sql
    field_prepare(field_pre_save(obj)) for obj in self.query.objs
    ~~~~~~~~~~~~~^^^^^^^^^^^^^^^^^^^^^
  File "C:\Users\t41452\Desktop\Wordir\Desenvolvimento\pmo_hub\.venv\Lib\site-packages\django\db\models\sql\compiler.py", line 1742, in prepare_value
    return field.get_db_prep_save(value, connection=self.connection)
           ~~~~~~~~~~~~~~~~~~~~~~^^^^^^^^^^^^^^^^^^^^^^^^^^^^^^^^^^^
  File "C:\Users\t41452\Desktop\Wordir\Desenvolvimento\pmo_hub\.venv\Lib\site-packages\django\db\models\fields\related.py", line 1189, in get_db_prep_save
    return self.target_field.get_db_prep_save(value, connection=connection)
           ~~~~~~~~~~~~~~~~~~~~~~~~~~~~~~~~~~^^^^^^^^^^^^^^^^^^^^^^^^^^^^^^
  File "C:\Users\t41452\Desktop\Wordir\Desenvolvimento\pmo_hub\.venv\Lib\site-packages\django\db\models\fields\__init__.py", line 1011, in get_db_prep_save
    return self.get_db_prep_value(value, connection=connection, prepared=False)
           ~~~~~~~~~~~~~~~~~~~~~~^^^^^^^^^^^^^^^^^^^^^^^^^^^^^^^^^^^^^^^^^^^^^^
  File "C:\Users\t41452\Desktop\Wordir\Desenvolvimento\pmo_hub\.venv\Lib\site-packages\django\db\models\fields\__init__.py", line 2820, in get_db_prep_value
    value = self.get_prep_value(value)
  File "C:\Users\t41452\Desktop\Wordir\Desenvolvimento\pmo_hub\.venv\Lib\site-packages\django\db\models\fields\__init__.py", line 2130, in get_prep_value
    raise e.__class__(
        "Field '%s' expected a number but got %r." % (self.name, value),
    ) from e
ValueError: Field 'id' expected a number but got 'eqtl-prj-prd-dlk-gold-cx'.

2026-03-29 16:45:04 | INFO     | BIGQUERY - Detalhes projeto - project_id=eqtl-prj-prd-dlk-silver-472420 | friendly_name=eqtl-prj-prd-dlk-silver
2026-03-29 16:45:07 | ERROR    | BIGQUERY - Insert GCPAsset - Traceback (most recent call last):
  File "C:\Users\t41452\Desktop\Wordir\Desenvolvimento\pmo_hub\pmo_hub\lineage\services.py", line 252, in sync_all_from_gcp
    for ds_item in bq_client.list_datasets():
                   ~~~~~~~~~~~~~~~~~~~~~~~^^
  File "C:\Users\t41452\Desktop\Wordir\Desenvolvimento\pmo_hub\.venv\Lib\site-packages\google\api_core\page_iterator.py", line 208, in _items_iter
    for page in self._page_iter(increment=False):
                ~~~~~~~~~~~~~~~^^^^^^^^^^^^^^^^^
  File "C:\Users\t41452\Desktop\Wordir\Desenvolvimento\pmo_hub\.venv\Lib\site-packages\google\api_core\page_iterator.py", line 244, in _page_iter
    page = self._next_page()
  File "C:\Users\t41452\Desktop\Wordir\Desenvolvimento\pmo_hub\.venv\Lib\site-packages\google\api_core\page_iterator.py", line 373, in _next_page
    response = self._get_next_page_response()
  File "C:\Users\t41452\Desktop\Wordir\Desenvolvimento\pmo_hub\.venv\Lib\site-packages\google\api_core\page_iterator.py", line 432, in _get_next_page_response
    return self.api_request(
           ~~~~~~~~~~~~~~~~^
        method=self._HTTP_METHOD, path=self.path, query_params=params
        ^^^^^^^^^^^^^^^^^^^^^^^^^^^^^^^^^^^^^^^^^^^^^^^^^^^^^^^^^^^^^
    )
    ^
  File "C:\Users\t41452\Desktop\Wordir\Desenvolvimento\pmo_hub\.venv\Lib\site-packages\google\cloud\bigquery\client.py", line 520, in api_request
    return self._call_api(
           ~~~~~~~~~~~~~~^
        retry,
        ^^^^^^
    ...<4 lines>...
        **kwargs,
        ^^^^^^^^^
    )
    ^
  File "C:\Users\t41452\Desktop\Wordir\Desenvolvimento\pmo_hub\.venv\Lib\site-packages\google\cloud\bigquery\client.py", line 861, in _call_api
    return call()
  File "C:\Users\t41452\Desktop\Wordir\Desenvolvimento\pmo_hub\.venv\Lib\site-packages\google\api_core\retry\retry_unary.py", line 294, in retry_wrapped_func
    return retry_target(
        target,
    ...<3 lines>...
        on_error=on_error,
    )
  File "C:\Users\t41452\Desktop\Wordir\Desenvolvimento\pmo_hub\.venv\Lib\site-packages\google\api_core\retry\retry_unary.py", line 156, in retry_target
    next_sleep = _retry_error_helper(
        exc,
    ...<6 lines>...
        timeout,
    )
  File "C:\Users\t41452\Desktop\Wordir\Desenvolvimento\pmo_hub\.venv\Lib\site-packages\google\api_core\retry\retry_base.py", line 216, in _retry_error_helper
    raise final_exc from source_exc
  File "C:\Users\t41452\Desktop\Wordir\Desenvolvimento\pmo_hub\.venv\Lib\site-packages\google\api_core\retry\retry_unary.py", line 147, in retry_target
    result = target()
  File "C:\Users\t41452\Desktop\Wordir\Desenvolvimento\pmo_hub\.venv\Lib\site-packages\google\cloud\_http\__init__.py", line 494, in api_request
    raise exceptions.from_http_response(response)
google.api_core.exceptions.NotFound: 404 GET https://bigquery.googleapis.com/bigquery/v2/projects/eqtl-prj-prd-dlk-silver/datasets?prettyPrint=false: Not found: Project eqtl-prj-prd-dlk-silver

2026-03-29 16:45:11 | INFO     | BIGQUERY - Detalhes projeto - project_id=eqtl-prj-prd-dlk-bronze | friendly_name=eqtl-prj-prd-dlk-bronze
2026-03-29 16:45:13 | INFO     | BIGQUERY - Entrou em ds_item <google.cloud.bigquery.dataset.DatasetListItem object at 0x000002C2C3EFE3F0>
2026-03-29 16:45:13 | ERROR    | BIGQUERY - Insert GCPAsset - Traceback (most recent call last):
  File "C:\Users\t41452\Desktop\Wordir\Desenvolvimento\pmo_hub\.venv\Lib\site-packages\django\db\models\query.py", line 987, in get_or_create
    return self.get(**kwargs), False
           ~~~~~~~~^^^^^^^^^^
  File "C:\Users\t41452\Desktop\Wordir\Desenvolvimento\pmo_hub\.venv\Lib\site-packages\django\db\models\query.py", line 639, in get
    raise self.model.DoesNotExist(
        "%s matching query does not exist." % self.model._meta.object_name
    )
lineage.models.GCPAsset.DoesNotExist: GCPAsset matching query does not exist.

During handling of the above exception, another exception occurred:

Traceback (most recent call last):
  File "C:\Users\t41452\Desktop\Wordir\Desenvolvimento\pmo_hub\.venv\Lib\site-packages\django\db\models\fields\__init__.py", line 2128, in get_prep_value
    return int(value)
ValueError: invalid literal for int() with base 10: 'eqtl-prj-prd-dlk-bronze'

The above exception was the direct cause of the following exception:

Traceback (most recent call last):
  File "C:\Users\t41452\Desktop\Wordir\Desenvolvimento\pmo_hub\pmo_hub\lineage\services.py", line 263, in sync_all_from_gcp
    asset, _ = GCPAsset.objects.update_or_create(
               ~~~~~~~~~~~~~~~~~~~~~~~~~~~~~~~~~^
        uri=f"{pid}:{ds.dataset_id}",
        ^^^^^^^^^^^^^^^^^^^^^^^^^^^^^
        defaults=defaults,
        ^^^^^^^^^^^^^^^^^^
    )
    ^
  File "C:\Users\t41452\Desktop\Wordir\Desenvolvimento\pmo_hub\.venv\Lib\site-packages\django\db\models\manager.py", line 87, in manager_method
    return getattr(self.get_queryset(), name)(*args, **kwargs)
           ~~~~~~~~~~~~~~~~~~~~~~~~~~~~~~~~~~^^^^^^^^^^^^^^^^^
  File "C:\Users\t41452\Desktop\Wordir\Desenvolvimento\pmo_hub\.venv\Lib\site-packages\django\db\models\query.py", line 1029, in update_or_create
    obj, created = self.select_for_update().get_or_create(
                   ~~~~~~~~~~~~~~~~~~~~~~~~~~~~~~~~~~~~~~^
        create_defaults, **kwargs
        ^^^^^^^^^^^^^^^^^^^^^^^^^
    )
    ^
  File "C:\Users\t41452\Desktop\Wordir\Desenvolvimento\pmo_hub\.venv\Lib\site-packages\django\db\models\query.py", line 994, in get_or_create
    return self.create(**params), True
           ~~~~~~~~~~~^^^^^^^^^^
  File "C:\Users\t41452\Desktop\Wordir\Desenvolvimento\pmo_hub\.venv\Lib\site-packages\django\db\models\query.py", line 669, in create
    obj.save(force_insert=True, using=self.db)
    ~~~~~~~~^^^^^^^^^^^^^^^^^^^^^^^^^^^^^^^^^^
  File "C:\Users\t41452\Desktop\Wordir\Desenvolvimento\pmo_hub\.venv\Lib\site-packages\django\db\models\base.py", line 874, in save
    self.save_base(
    ~~~~~~~~~~~~~~^
        using=using,
        ^^^^^^^^^^^^
    ...<2 lines>...
        update_fields=update_fields,
        ^^^^^^^^^^^^^^^^^^^^^^^^^^^^
    )
    ^
  File "C:\Users\t41452\Desktop\Wordir\Desenvolvimento\pmo_hub\.venv\Lib\site-packages\django\db\models\base.py", line 966, in save_base
    updated = self._save_table(
        raw,
    ...<4 lines>...
        update_fields,
    )
  File "C:\Users\t41452\Desktop\Wordir\Desenvolvimento\pmo_hub\.venv\Lib\site-packages\django\db\models\base.py", line 1167, in _save_table
    results = self._do_insert(
        cls._base_manager, using, insert_fields, returning_fields, raw
    )
  File "C:\Users\t41452\Desktop\Wordir\Desenvolvimento\pmo_hub\.venv\Lib\site-packages\django\db\models\base.py", line 1218, in _do_insert
    return manager._insert(
           ~~~~~~~~~~~~~~~^
        [self],
        ^^^^^^^
    ...<3 lines>...
        raw=raw,
        ^^^^^^^^
    )
    ^
  File "C:\Users\t41452\Desktop\Wordir\Desenvolvimento\pmo_hub\.venv\Lib\site-packages\django\db\models\manager.py", line 87, in manager_method
    return getattr(self.get_queryset(), name)(*args, **kwargs)
           ~~~~~~~~~~~~~~~~~~~~~~~~~~~~~~~~~~^^^^^^^^^^^^^^^^^
  File "C:\Users\t41452\Desktop\Wordir\Desenvolvimento\pmo_hub\.venv\Lib\site-packages\django\db\models\query.py", line 1918, in _insert
    return query.get_compiler(using=using).execute_sql(returning_fields)
           ~~~~~~~~~~~~~~~~~~~~~~~~~~~~~~~~~~~~~~~~~~~^^^^^^^^^^^^^^^^^^
  File "C:\Users\t41452\Desktop\Wordir\Desenvolvimento\pmo_hub\.venv\Lib\site-packages\django\db\models\sql\compiler.py", line 1924, in execute_sql
    for sql, params in self.as_sql():
                       ~~~~~~~~~~~^^
  File "C:\Users\t41452\Desktop\Wordir\Desenvolvimento\pmo_hub\.venv\Lib\site-packages\django\db\models\sql\compiler.py", line 1813, in as_sql
    field_prepare(field_pre_save(obj)) for obj in self.query.objs
    ~~~~~~~~~~~~~^^^^^^^^^^^^^^^^^^^^^
  File "C:\Users\t41452\Desktop\Wordir\Desenvolvimento\pmo_hub\.venv\Lib\site-packages\django\db\models\sql\compiler.py", line 1742, in prepare_value
    return field.get_db_prep_save(value, connection=self.connection)
           ~~~~~~~~~~~~~~~~~~~~~~^^^^^^^^^^^^^^^^^^^^^^^^^^^^^^^^^^^
  File "C:\Users\t41452\Desktop\Wordir\Desenvolvimento\pmo_hub\.venv\Lib\site-packages\django\db\models\fields\related.py", line 1189, in get_db_prep_save
    return self.target_field.get_db_prep_save(value, connection=connection)
           ~~~~~~~~~~~~~~~~~~~~~~~~~~~~~~~~~~^^^^^^^^^^^^^^^^^^^^^^^^^^^^^^
  File "C:\Users\t41452\Desktop\Wordir\Desenvolvimento\pmo_hub\.venv\Lib\site-packages\django\db\models\fields\__init__.py", line 1011, in get_db_prep_save
    return self.get_db_prep_value(value, connection=connection, prepared=False)
           ~~~~~~~~~~~~~~~~~~~~~~^^^^^^^^^^^^^^^^^^^^^^^^^^^^^^^^^^^^^^^^^^^^^^
  File "C:\Users\t41452\Desktop\Wordir\Desenvolvimento\pmo_hub\.venv\Lib\site-packages\django\db\models\fields\__init__.py", line 2820, in get_db_prep_value
    value = self.get_prep_value(value)
  File "C:\Users\t41452\Desktop\Wordir\Desenvolvimento\pmo_hub\.venv\Lib\site-packages\django\db\models\fields\__init__.py", line 2130, in get_prep_value
    raise e.__class__(
        "Field '%s' expected a number but got %r." % (self.name, value),
    ) from e
ValueError: Field 'id' expected a number but got 'eqtl-prj-prd-dlk-bronze'.

2026-03-29 16:45:18 | INFO     | BIGQUERY - Detalhes projeto - project_id=eqtl-prj-prd-dlk-pipeline | friendly_name=eqtl-prj-prd-dlk-pipeline
2026-03-29 16:45:20 | INFO     | BIGQUERY - Entrou em ds_item <google.cloud.bigquery.dataset.DatasetListItem object at 0x000002C2C3F46C30>
2026-03-29 16:45:20 | ERROR    | BIGQUERY - Insert GCPAsset - Traceback (most recent call last):
  File "C:\Users\t41452\Desktop\Wordir\Desenvolvimento\pmo_hub\.venv\Lib\site-packages\django\db\models\query.py", line 987, in get_or_create
    return self.get(**kwargs), False
           ~~~~~~~~^^^^^^^^^^
  File "C:\Users\t41452\Desktop\Wordir\Desenvolvimento\pmo_hub\.venv\Lib\site-packages\django\db\models\query.py", line 639, in get
    raise self.model.DoesNotExist(
        "%s matching query does not exist." % self.model._meta.object_name
    )
lineage.models.GCPAsset.DoesNotExist: GCPAsset matching query does not exist.

During handling of the above exception, another exception occurred:

Traceback (most recent call last):
  File "C:\Users\t41452\Desktop\Wordir\Desenvolvimento\pmo_hub\.venv\Lib\site-packages\django\db\models\fields\__init__.py", line 2128, in get_prep_value
    return int(value)
ValueError: invalid literal for int() with base 10: 'eqtl-prj-prd-dlk-pipeline'

The above exception was the direct cause of the following exception:

Traceback (most recent call last):
  File "C:\Users\t41452\Desktop\Wordir\Desenvolvimento\pmo_hub\pmo_hub\lineage\services.py", line 263, in sync_all_from_gcp
    asset, _ = GCPAsset.objects.update_or_create(
               ~~~~~~~~~~~~~~~~~~~~~~~~~~~~~~~~~^
        uri=f"{pid}:{ds.dataset_id}",
        ^^^^^^^^^^^^^^^^^^^^^^^^^^^^^
        defaults=defaults,
        ^^^^^^^^^^^^^^^^^^
    )
    ^
  File "C:\Users\t41452\Desktop\Wordir\Desenvolvimento\pmo_hub\.venv\Lib\site-packages\django\db\models\manager.py", line 87, in manager_method
    return getattr(self.get_queryset(), name)(*args, **kwargs)
           ~~~~~~~~~~~~~~~~~~~~~~~~~~~~~~~~~~^^^^^^^^^^^^^^^^^
  File "C:\Users\t41452\Desktop\Wordir\Desenvolvimento\pmo_hub\.venv\Lib\site-packages\django\db\models\query.py", line 1029, in update_or_create
    obj, created = self.select_for_update().get_or_create(
                   ~~~~~~~~~~~~~~~~~~~~~~~~~~~~~~~~~~~~~~^
        create_defaults, **kwargs
        ^^^^^^^^^^^^^^^^^^^^^^^^^
    )
    ^
  File "C:\Users\t41452\Desktop\Wordir\Desenvolvimento\pmo_hub\.venv\Lib\site-packages\django\db\models\query.py", line 994, in get_or_create
    return self.create(**params), True
           ~~~~~~~~~~~^^^^^^^^^^
  File "C:\Users\t41452\Desktop\Wordir\Desenvolvimento\pmo_hub\.venv\Lib\site-packages\django\db\models\query.py", line 669, in create
    obj.save(force_insert=True, using=self.db)
    ~~~~~~~~^^^^^^^^^^^^^^^^^^^^^^^^^^^^^^^^^^
  File "C:\Users\t41452\Desktop\Wordir\Desenvolvimento\pmo_hub\.venv\Lib\site-packages\django\db\models\base.py", line 874, in save
    self.save_base(
    ~~~~~~~~~~~~~~^
        using=using,
        ^^^^^^^^^^^^
    ...<2 lines>...
        update_fields=update_fields,
        ^^^^^^^^^^^^^^^^^^^^^^^^^^^^
    )
    ^
  File "C:\Users\t41452\Desktop\Wordir\Desenvolvimento\pmo_hub\.venv\Lib\site-packages\django\db\models\base.py", line 966, in save_base
    updated = self._save_table(
        raw,
    ...<4 lines>...
        update_fields,
    )
  File "C:\Users\t41452\Desktop\Wordir\Desenvolvimento\pmo_hub\.venv\Lib\site-packages\django\db\models\base.py", line 1167, in _save_table
    results = self._do_insert(
        cls._base_manager, using, insert_fields, returning_fields, raw
    )
  File "C:\Users\t41452\Desktop\Wordir\Desenvolvimento\pmo_hub\.venv\Lib\site-packages\django\db\models\base.py", line 1218, in _do_insert
    return manager._insert(
           ~~~~~~~~~~~~~~~^
        [self],
        ^^^^^^^
    ...<3 lines>...
        raw=raw,
        ^^^^^^^^
    )
    ^
  File "C:\Users\t41452\Desktop\Wordir\Desenvolvimento\pmo_hub\.venv\Lib\site-packages\django\db\models\manager.py", line 87, in manager_method
    return getattr(self.get_queryset(), name)(*args, **kwargs)
           ~~~~~~~~~~~~~~~~~~~~~~~~~~~~~~~~~~^^^^^^^^^^^^^^^^^
  File "C:\Users\t41452\Desktop\Wordir\Desenvolvimento\pmo_hub\.venv\Lib\site-packages\django\db\models\query.py", line 1918, in _insert
    return query.get_compiler(using=using).execute_sql(returning_fields)
           ~~~~~~~~~~~~~~~~~~~~~~~~~~~~~~~~~~~~~~~~~~~^^^^^^^^^^^^^^^^^^
  File "C:\Users\t41452\Desktop\Wordir\Desenvolvimento\pmo_hub\.venv\Lib\site-packages\django\db\models\sql\compiler.py", line 1924, in execute_sql
    for sql, params in self.as_sql():
                       ~~~~~~~~~~~^^
  File "C:\Users\t41452\Desktop\Wordir\Desenvolvimento\pmo_hub\.venv\Lib\site-packages\django\db\models\sql\compiler.py", line 1813, in as_sql
    field_prepare(field_pre_save(obj)) for obj in self.query.objs
    ~~~~~~~~~~~~~^^^^^^^^^^^^^^^^^^^^^
  File "C:\Users\t41452\Desktop\Wordir\Desenvolvimento\pmo_hub\.venv\Lib\site-packages\django\db\models\sql\compiler.py", line 1742, in prepare_value
    return field.get_db_prep_save(value, connection=self.connection)
           ~~~~~~~~~~~~~~~~~~~~~~^^^^^^^^^^^^^^^^^^^^^^^^^^^^^^^^^^^
  File "C:\Users\t41452\Desktop\Wordir\Desenvolvimento\pmo_hub\.venv\Lib\site-packages\django\db\models\fields\related.py", line 1189, in get_db_prep_save
    return self.target_field.get_db_prep_save(value, connection=connection)
           ~~~~~~~~~~~~~~~~~~~~~~~~~~~~~~~~~~^^^^^^^^^^^^^^^^^^^^^^^^^^^^^^
  File "C:\Users\t41452\Desktop\Wordir\Desenvolvimento\pmo_hub\.venv\Lib\site-packages\django\db\models\fields\__init__.py", line 1011, in get_db_prep_save
    return self.get_db_prep_value(value, connection=connection, prepared=False)
           ~~~~~~~~~~~~~~~~~~~~~~^^^^^^^^^^^^^^^^^^^^^^^^^^^^^^^^^^^^^^^^^^^^^^
  File "C:\Users\t41452\Desktop\Wordir\Desenvolvimento\pmo_hub\.venv\Lib\site-packages\django\db\models\fields\__init__.py", line 2820, in get_db_prep_value
    value = self.get_prep_value(value)
  File "C:\Users\t41452\Desktop\Wordir\Desenvolvimento\pmo_hub\.venv\Lib\site-packages\django\db\models\fields\__init__.py", line 2130, in get_prep_value
    raise e.__class__(
        "Field '%s' expected a number but got %r." % (self.name, value),
    ) from e
ValueError: Field 'id' expected a number but got 'eqtl-prj-prd-dlk-pipeline'.

2026-03-29 16:45:25 | INFO     | BIGQUERY - Detalhes projeto - project_id=eqtl-prj-sbx-backoffice | friendly_name=eqtl-prj-sbx-backoffice
2026-03-29 16:45:26 | INFO     | BIGQUERY - Entrou em ds_item <google.cloud.bigquery.dataset.DatasetListItem object at 0x000002C2C3E5BBD0>
2026-03-29 16:45:27 | ERROR    | BIGQUERY - Insert GCPAsset - Traceback (most recent call last):
  File "C:\Users\t41452\Desktop\Wordir\Desenvolvimento\pmo_hub\.venv\Lib\site-packages\django\db\models\query.py", line 987, in get_or_create
    return self.get(**kwargs), False
           ~~~~~~~~^^^^^^^^^^
  File "C:\Users\t41452\Desktop\Wordir\Desenvolvimento\pmo_hub\.venv\Lib\site-packages\django\db\models\query.py", line 639, in get
    raise self.model.DoesNotExist(
        "%s matching query does not exist." % self.model._meta.object_name
    )
lineage.models.GCPAsset.DoesNotExist: GCPAsset matching query does not exist.

During handling of the above exception, another exception occurred:

Traceback (most recent call last):
  File "C:\Users\t41452\Desktop\Wordir\Desenvolvimento\pmo_hub\.venv\Lib\site-packages\django\db\models\fields\__init__.py", line 2128, in get_prep_value
    return int(value)
ValueError: invalid literal for int() with base 10: 'eqtl-prj-sbx-backoffice'

The above exception was the direct cause of the following exception:

Traceback (most recent call last):
  File "C:\Users\t41452\Desktop\Wordir\Desenvolvimento\pmo_hub\pmo_hub\lineage\services.py", line 263, in sync_all_from_gcp
    asset, _ = GCPAsset.objects.update_or_create(
               ~~~~~~~~~~~~~~~~~~~~~~~~~~~~~~~~~^
        uri=f"{pid}:{ds.dataset_id}",
        ^^^^^^^^^^^^^^^^^^^^^^^^^^^^^
        defaults=defaults,
        ^^^^^^^^^^^^^^^^^^
    )
    ^
  File "C:\Users\t41452\Desktop\Wordir\Desenvolvimento\pmo_hub\.venv\Lib\site-packages\django\db\models\manager.py", line 87, in manager_method
    return getattr(self.get_queryset(), name)(*args, **kwargs)
           ~~~~~~~~~~~~~~~~~~~~~~~~~~~~~~~~~~^^^^^^^^^^^^^^^^^
  File "C:\Users\t41452\Desktop\Wordir\Desenvolvimento\pmo_hub\.venv\Lib\site-packages\django\db\models\query.py", line 1029, in update_or_create
    obj, created = self.select_for_update().get_or_create(
                   ~~~~~~~~~~~~~~~~~~~~~~~~~~~~~~~~~~~~~~^
        create_defaults, **kwargs
        ^^^^^^^^^^^^^^^^^^^^^^^^^
    )
    ^
  File "C:\Users\t41452\Desktop\Wordir\Desenvolvimento\pmo_hub\.venv\Lib\site-packages\django\db\models\query.py", line 994, in get_or_create
    return self.create(**params), True
           ~~~~~~~~~~~^^^^^^^^^^
  File "C:\Users\t41452\Desktop\Wordir\Desenvolvimento\pmo_hub\.venv\Lib\site-packages\django\db\models\query.py", line 669, in create
    obj.save(force_insert=True, using=self.db)
    ~~~~~~~~^^^^^^^^^^^^^^^^^^^^^^^^^^^^^^^^^^
  File "C:\Users\t41452\Desktop\Wordir\Desenvolvimento\pmo_hub\.venv\Lib\site-packages\django\db\models\base.py", line 874, in save
    self.save_base(
    ~~~~~~~~~~~~~~^
        using=using,
        ^^^^^^^^^^^^
    ...<2 lines>...
        update_fields=update_fields,
        ^^^^^^^^^^^^^^^^^^^^^^^^^^^^
    )
    ^
  File "C:\Users\t41452\Desktop\Wordir\Desenvolvimento\pmo_hub\.venv\Lib\site-packages\django\db\models\base.py", line 966, in save_base
    updated = self._save_table(
        raw,
    ...<4 lines>...
        update_fields,
    )
  File "C:\Users\t41452\Desktop\Wordir\Desenvolvimento\pmo_hub\.venv\Lib\site-packages\django\db\models\base.py", line 1167, in _save_table
    results = self._do_insert(
        cls._base_manager, using, insert_fields, returning_fields, raw
    )
  File "C:\Users\t41452\Desktop\Wordir\Desenvolvimento\pmo_hub\.venv\Lib\site-packages\django\db\models\base.py", line 1218, in _do_insert
    return manager._insert(
           ~~~~~~~~~~~~~~~^
        [self],
        ^^^^^^^
    ...<3 lines>...
        raw=raw,
        ^^^^^^^^
    )
    ^
  File "C:\Users\t41452\Desktop\Wordir\Desenvolvimento\pmo_hub\.venv\Lib\site-packages\django\db\models\manager.py", line 87, in manager_method
    return getattr(self.get_queryset(), name)(*args, **kwargs)
           ~~~~~~~~~~~~~~~~~~~~~~~~~~~~~~~~~~^^^^^^^^^^^^^^^^^
  File "C:\Users\t41452\Desktop\Wordir\Desenvolvimento\pmo_hub\.venv\Lib\site-packages\django\db\models\query.py", line 1918, in _insert
    return query.get_compiler(using=using).execute_sql(returning_fields)
           ~~~~~~~~~~~~~~~~~~~~~~~~~~~~~~~~~~~~~~~~~~~^^^^^^^^^^^^^^^^^^
  File "C:\Users\t41452\Desktop\Wordir\Desenvolvimento\pmo_hub\.venv\Lib\site-packages\django\db\models\sql\compiler.py", line 1924, in execute_sql
    for sql, params in self.as_sql():
                       ~~~~~~~~~~~^^
  File "C:\Users\t41452\Desktop\Wordir\Desenvolvimento\pmo_hub\.venv\Lib\site-packages\django\db\models\sql\compiler.py", line 1813, in as_sql
    field_prepare(field_pre_save(obj)) for obj in self.query.objs
    ~~~~~~~~~~~~~^^^^^^^^^^^^^^^^^^^^^
  File "C:\Users\t41452\Desktop\Wordir\Desenvolvimento\pmo_hub\.venv\Lib\site-packages\django\db\models\sql\compiler.py", line 1742, in prepare_value
    return field.get_db_prep_save(value, connection=self.connection)
           ~~~~~~~~~~~~~~~~~~~~~~^^^^^^^^^^^^^^^^^^^^^^^^^^^^^^^^^^^
  File "C:\Users\t41452\Desktop\Wordir\Desenvolvimento\pmo_hub\.venv\Lib\site-packages\django\db\models\fields\related.py", line 1189, in get_db_prep_save
    return self.target_field.get_db_prep_save(value, connection=connection)
           ~~~~~~~~~~~~~~~~~~~~~~~~~~~~~~~~~~^^^^^^^^^^^^^^^^^^^^^^^^^^^^^^
  File "C:\Users\t41452\Desktop\Wordir\Desenvolvimento\pmo_hub\.venv\Lib\site-packages\django\db\models\fields\__init__.py", line 1011, in get_db_prep_save
    return self.get_db_prep_value(value, connection=connection, prepared=False)
           ~~~~~~~~~~~~~~~~~~~~~~^^^^^^^^^^^^^^^^^^^^^^^^^^^^^^^^^^^^^^^^^^^^^^
  File "C:\Users\t41452\Desktop\Wordir\Desenvolvimento\pmo_hub\.venv\Lib\site-packages\django\db\models\fields\__init__.py", line 2820, in get_db_prep_value
    value = self.get_prep_value(value)
  File "C:\Users\t41452\Desktop\Wordir\Desenvolvimento\pmo_hub\.venv\Lib\site-packages\django\db\models\fields\__init__.py", line 2130, in get_prep_value
    raise e.__class__(
        "Field '%s' expected a number but got %r." % (self.name, value),
    ) from e
ValueError: Field 'id' expected a number but got 'eqtl-prj-sbx-backoffice'.

2026-03-29 16:45:32 | INFO     | BIGQUERY - Detalhes projeto - project_id=eqtl-prj-dev-dlk-gold-cx | friendly_name=eqtl-prj-dev-dlk-gold-cx
2026-03-29 16:45:34 | INFO     | BIGQUERY - Entrou em ds_item <google.cloud.bigquery.dataset.DatasetListItem object at 0x000002C2C3267240>
2026-03-29 16:45:34 | ERROR    | BIGQUERY - Insert GCPAsset - Traceback (most recent call last):
  File "C:\Users\t41452\Desktop\Wordir\Desenvolvimento\pmo_hub\.venv\Lib\site-packages\django\db\models\query.py", line 987, in get_or_create
    return self.get(**kwargs), False
           ~~~~~~~~^^^^^^^^^^
  File "C:\Users\t41452\Desktop\Wordir\Desenvolvimento\pmo_hub\.venv\Lib\site-packages\django\db\models\query.py", line 639, in get
    raise self.model.DoesNotExist(
        "%s matching query does not exist." % self.model._meta.object_name
    )
lineage.models.GCPAsset.DoesNotExist: GCPAsset matching query does not exist.

During handling of the above exception, another exception occurred:

Traceback (most recent call last):
  File "C:\Users\t41452\Desktop\Wordir\Desenvolvimento\pmo_hub\.venv\Lib\site-packages\django\db\models\fields\__init__.py", line 2128, in get_prep_value
    return int(value)
ValueError: invalid literal for int() with base 10: 'eqtl-prj-dev-dlk-gold-cx'

The above exception was the direct cause of the following exception:

Traceback (most recent call last):
  File "C:\Users\t41452\Desktop\Wordir\Desenvolvimento\pmo_hub\pmo_hub\lineage\services.py", line 263, in sync_all_from_gcp
    asset, _ = GCPAsset.objects.update_or_create(
               ~~~~~~~~~~~~~~~~~~~~~~~~~~~~~~~~~^
        uri=f"{pid}:{ds.dataset_id}",
        ^^^^^^^^^^^^^^^^^^^^^^^^^^^^^
        defaults=defaults,
        ^^^^^^^^^^^^^^^^^^
    )
    ^
  File "C:\Users\t41452\Desktop\Wordir\Desenvolvimento\pmo_hub\.venv\Lib\site-packages\django\db\models\manager.py", line 87, in manager_method
    return getattr(self.get_queryset(), name)(*args, **kwargs)
           ~~~~~~~~~~~~~~~~~~~~~~~~~~~~~~~~~~^^^^^^^^^^^^^^^^^
  File "C:\Users\t41452\Desktop\Wordir\Desenvolvimento\pmo_hub\.venv\Lib\site-packages\django\db\models\query.py", line 1029, in update_or_create
    obj, created = self.select_for_update().get_or_create(
                   ~~~~~~~~~~~~~~~~~~~~~~~~~~~~~~~~~~~~~~^
        create_defaults, **kwargs
        ^^^^^^^^^^^^^^^^^^^^^^^^^
    )
    ^
  File "C:\Users\t41452\Desktop\Wordir\Desenvolvimento\pmo_hub\.venv\Lib\site-packages\django\db\models\query.py", line 994, in get_or_create
    return self.create(**params), True
           ~~~~~~~~~~~^^^^^^^^^^
  File "C:\Users\t41452\Desktop\Wordir\Desenvolvimento\pmo_hub\.venv\Lib\site-packages\django\db\models\query.py", line 669, in create
    obj.save(force_insert=True, using=self.db)
    ~~~~~~~~^^^^^^^^^^^^^^^^^^^^^^^^^^^^^^^^^^
  File "C:\Users\t41452\Desktop\Wordir\Desenvolvimento\pmo_hub\.venv\Lib\site-packages\django\db\models\base.py", line 874, in save
    self.save_base(
    ~~~~~~~~~~~~~~^
        using=using,
        ^^^^^^^^^^^^
    ...<2 lines>...
        update_fields=update_fields,
        ^^^^^^^^^^^^^^^^^^^^^^^^^^^^
    )
    ^
  File "C:\Users\t41452\Desktop\Wordir\Desenvolvimento\pmo_hub\.venv\Lib\site-packages\django\db\models\base.py", line 966, in save_base
    updated = self._save_table(
        raw,
    ...<4 lines>...
        update_fields,
    )
  File "C:\Users\t41452\Desktop\Wordir\Desenvolvimento\pmo_hub\.venv\Lib\site-packages\django\db\models\base.py", line 1167, in _save_table
    results = self._do_insert(
        cls._base_manager, using, insert_fields, returning_fields, raw
    )
  File "C:\Users\t41452\Desktop\Wordir\Desenvolvimento\pmo_hub\.venv\Lib\site-packages\django\db\models\base.py", line 1218, in _do_insert
    return manager._insert(
           ~~~~~~~~~~~~~~~^
        [self],
        ^^^^^^^
    ...<3 lines>...
        raw=raw,
        ^^^^^^^^
    )
    ^
  File "C:\Users\t41452\Desktop\Wordir\Desenvolvimento\pmo_hub\.venv\Lib\site-packages\django\db\models\manager.py", line 87, in manager_method
    return getattr(self.get_queryset(), name)(*args, **kwargs)
           ~~~~~~~~~~~~~~~~~~~~~~~~~~~~~~~~~~^^^^^^^^^^^^^^^^^
  File "C:\Users\t41452\Desktop\Wordir\Desenvolvimento\pmo_hub\.venv\Lib\site-packages\django\db\models\query.py", line 1918, in _insert
    return query.get_compiler(using=using).execute_sql(returning_fields)
           ~~~~~~~~~~~~~~~~~~~~~~~~~~~~~~~~~~~~~~~~~~~^^^^^^^^^^^^^^^^^^
  File "C:\Users\t41452\Desktop\Wordir\Desenvolvimento\pmo_hub\.venv\Lib\site-packages\django\db\models\sql\compiler.py", line 1924, in execute_sql
    for sql, params in self.as_sql():
                       ~~~~~~~~~~~^^
  File "C:\Users\t41452\Desktop\Wordir\Desenvolvimento\pmo_hub\.venv\Lib\site-packages\django\db\models\sql\compiler.py", line 1813, in as_sql
    field_prepare(field_pre_save(obj)) for obj in self.query.objs
    ~~~~~~~~~~~~~^^^^^^^^^^^^^^^^^^^^^
  File "C:\Users\t41452\Desktop\Wordir\Desenvolvimento\pmo_hub\.venv\Lib\site-packages\django\db\models\sql\compiler.py", line 1742, in prepare_value
    return field.get_db_prep_save(value, connection=self.connection)
           ~~~~~~~~~~~~~~~~~~~~~~^^^^^^^^^^^^^^^^^^^^^^^^^^^^^^^^^^^
  File "C:\Users\t41452\Desktop\Wordir\Desenvolvimento\pmo_hub\.venv\Lib\site-packages\django\db\models\fields\related.py", line 1189, in get_db_prep_save
    return self.target_field.get_db_prep_save(value, connection=connection)
           ~~~~~~~~~~~~~~~~~~~~~~~~~~~~~~~~~~^^^^^^^^^^^^^^^^^^^^^^^^^^^^^^
  File "C:\Users\t41452\Desktop\Wordir\Desenvolvimento\pmo_hub\.venv\Lib\site-packages\django\db\models\fields\__init__.py", line 1011, in get_db_prep_save
    return self.get_db_prep_value(value, connection=connection, prepared=False)
           ~~~~~~~~~~~~~~~~~~~~~~^^^^^^^^^^^^^^^^^^^^^^^^^^^^^^^^^^^^^^^^^^^^^^
  File "C:\Users\t41452\Desktop\Wordir\Desenvolvimento\pmo_hub\.venv\Lib\site-packages\django\db\models\fields\__init__.py", line 2820, in get_db_prep_value
    value = self.get_prep_value(value)
  File "C:\Users\t41452\Desktop\Wordir\Desenvolvimento\pmo_hub\.venv\Lib\site-packages\django\db\models\fields\__init__.py", line 2130, in get_prep_value
    raise e.__class__(
        "Field '%s' expected a number but got %r." % (self.name, value),
    ) from e
ValueError: Field 'id' expected a number but got 'eqtl-prj-dev-dlk-gold-cx'.

2026-03-29 16:45:38 | INFO     | BIGQUERY - Detalhes projeto - project_id=eqtl-prj-dev-dlk-silver | friendly_name=eqtl-prj-dev-dlk-silver
2026-03-29 16:45:40 | INFO     | BIGQUERY - Entrou em ds_item <google.cloud.bigquery.dataset.DatasetListItem object at 0x000002C2C3EAF050>
2026-03-29 16:45:40 | ERROR    | BIGQUERY - Insert GCPAsset - Traceback (most recent call last):
  File "C:\Users\t41452\Desktop\Wordir\Desenvolvimento\pmo_hub\.venv\Lib\site-packages\django\db\models\query.py", line 987, in get_or_create
    return self.get(**kwargs), False
           ~~~~~~~~^^^^^^^^^^
  File "C:\Users\t41452\Desktop\Wordir\Desenvolvimento\pmo_hub\.venv\Lib\site-packages\django\db\models\query.py", line 639, in get
    raise self.model.DoesNotExist(
        "%s matching query does not exist." % self.model._meta.object_name
    )
lineage.models.GCPAsset.DoesNotExist: GCPAsset matching query does not exist.

During handling of the above exception, another exception occurred:

Traceback (most recent call last):
  File "C:\Users\t41452\Desktop\Wordir\Desenvolvimento\pmo_hub\.venv\Lib\site-packages\django\db\models\fields\__init__.py", line 2128, in get_prep_value
    return int(value)
ValueError: invalid literal for int() with base 10: 'eqtl-prj-dev-dlk-silver'

The above exception was the direct cause of the following exception:

Traceback (most recent call last):
  File "C:\Users\t41452\Desktop\Wordir\Desenvolvimento\pmo_hub\pmo_hub\lineage\services.py", line 263, in sync_all_from_gcp
    asset, _ = GCPAsset.objects.update_or_create(
               ~~~~~~~~~~~~~~~~~~~~~~~~~~~~~~~~~^
        uri=f"{pid}:{ds.dataset_id}",
        ^^^^^^^^^^^^^^^^^^^^^^^^^^^^^
        defaults=defaults,
        ^^^^^^^^^^^^^^^^^^
    )
    ^
  File "C:\Users\t41452\Desktop\Wordir\Desenvolvimento\pmo_hub\.venv\Lib\site-packages\django\db\models\manager.py", line 87, in manager_method
    return getattr(self.get_queryset(), name)(*args, **kwargs)
           ~~~~~~~~~~~~~~~~~~~~~~~~~~~~~~~~~~^^^^^^^^^^^^^^^^^
  File "C:\Users\t41452\Desktop\Wordir\Desenvolvimento\pmo_hub\.venv\Lib\site-packages\django\db\models\query.py", line 1029, in update_or_create
    obj, created = self.select_for_update().get_or_create(
                   ~~~~~~~~~~~~~~~~~~~~~~~~~~~~~~~~~~~~~~^
        create_defaults, **kwargs
        ^^^^^^^^^^^^^^^^^^^^^^^^^
    )
    ^
  File "C:\Users\t41452\Desktop\Wordir\Desenvolvimento\pmo_hub\.venv\Lib\site-packages\django\db\models\query.py", line 994, in get_or_create
    return self.create(**params), True
           ~~~~~~~~~~~^^^^^^^^^^
  File "C:\Users\t41452\Desktop\Wordir\Desenvolvimento\pmo_hub\.venv\Lib\site-packages\django\db\models\query.py", line 669, in create
    obj.save(force_insert=True, using=self.db)
    ~~~~~~~~^^^^^^^^^^^^^^^^^^^^^^^^^^^^^^^^^^
  File "C:\Users\t41452\Desktop\Wordir\Desenvolvimento\pmo_hub\.venv\Lib\site-packages\django\db\models\base.py", line 874, in save
    self.save_base(
    ~~~~~~~~~~~~~~^
        using=using,
        ^^^^^^^^^^^^
    ...<2 lines>...
        update_fields=update_fields,
        ^^^^^^^^^^^^^^^^^^^^^^^^^^^^
    )
    ^
  File "C:\Users\t41452\Desktop\Wordir\Desenvolvimento\pmo_hub\.venv\Lib\site-packages\django\db\models\base.py", line 966, in save_base
    updated = self._save_table(
        raw,
    ...<4 lines>...
        update_fields,
    )
  File "C:\Users\t41452\Desktop\Wordir\Desenvolvimento\pmo_hub\.venv\Lib\site-packages\django\db\models\base.py", line 1167, in _save_table
    results = self._do_insert(
        cls._base_manager, using, insert_fields, returning_fields, raw
    )
  File "C:\Users\t41452\Desktop\Wordir\Desenvolvimento\pmo_hub\.venv\Lib\site-packages\django\db\models\base.py", line 1218, in _do_insert
    return manager._insert(
           ~~~~~~~~~~~~~~~^
        [self],
        ^^^^^^^
    ...<3 lines>...
        raw=raw,
        ^^^^^^^^
    )
    ^
  File "C:\Users\t41452\Desktop\Wordir\Desenvolvimento\pmo_hub\.venv\Lib\site-packages\django\db\models\manager.py", line 87, in manager_method
    return getattr(self.get_queryset(), name)(*args, **kwargs)
           ~~~~~~~~~~~~~~~~~~~~~~~~~~~~~~~~~~^^^^^^^^^^^^^^^^^
  File "C:\Users\t41452\Desktop\Wordir\Desenvolvimento\pmo_hub\.venv\Lib\site-packages\django\db\models\query.py", line 1918, in _insert
    return query.get_compiler(using=using).execute_sql(returning_fields)
           ~~~~~~~~~~~~~~~~~~~~~~~~~~~~~~~~~~~~~~~~~~~^^^^^^^^^^^^^^^^^^
  File "C:\Users\t41452\Desktop\Wordir\Desenvolvimento\pmo_hub\.venv\Lib\site-packages\django\db\models\sql\compiler.py", line 1924, in execute_sql
    for sql, params in self.as_sql():
                       ~~~~~~~~~~~^^
  File "C:\Users\t41452\Desktop\Wordir\Desenvolvimento\pmo_hub\.venv\Lib\site-packages\django\db\models\sql\compiler.py", line 1813, in as_sql
    field_prepare(field_pre_save(obj)) for obj in self.query.objs
    ~~~~~~~~~~~~~^^^^^^^^^^^^^^^^^^^^^
  File "C:\Users\t41452\Desktop\Wordir\Desenvolvimento\pmo_hub\.venv\Lib\site-packages\django\db\models\sql\compiler.py", line 1742, in prepare_value
    return field.get_db_prep_save(value, connection=self.connection)
           ~~~~~~~~~~~~~~~~~~~~~~^^^^^^^^^^^^^^^^^^^^^^^^^^^^^^^^^^^
  File "C:\Users\t41452\Desktop\Wordir\Desenvolvimento\pmo_hub\.venv\Lib\site-packages\django\db\models\fields\related.py", line 1189, in get_db_prep_save
    return self.target_field.get_db_prep_save(value, connection=connection)
           ~~~~~~~~~~~~~~~~~~~~~~~~~~~~~~~~~~^^^^^^^^^^^^^^^^^^^^^^^^^^^^^^
  File "C:\Users\t41452\Desktop\Wordir\Desenvolvimento\pmo_hub\.venv\Lib\site-packages\django\db\models\fields\__init__.py", line 1011, in get_db_prep_save
    return self.get_db_prep_value(value, connection=connection, prepared=False)
           ~~~~~~~~~~~~~~~~~~~~~~^^^^^^^^^^^^^^^^^^^^^^^^^^^^^^^^^^^^^^^^^^^^^^
  File "C:\Users\t41452\Desktop\Wordir\Desenvolvimento\pmo_hub\.venv\Lib\site-packages\django\db\models\fields\__init__.py", line 2820, in get_db_prep_value
    value = self.get_prep_value(value)
  File "C:\Users\t41452\Desktop\Wordir\Desenvolvimento\pmo_hub\.venv\Lib\site-packages\django\db\models\fields\__init__.py", line 2130, in get_prep_value
    raise e.__class__(
        "Field '%s' expected a number but got %r." % (self.name, value),
    ) from e
ValueError: Field 'id' expected a number but got 'eqtl-prj-dev-dlk-silver'.

2026-03-29 16:45:45 | INFO     | BIGQUERY - Detalhes projeto - project_id=eqtl-prj-dev-dlk-bronze | friendly_name=eqtl-prj-dev-dlk-bronze
2026-03-29 16:45:46 | INFO     | BIGQUERY - Entrou em ds_item <google.cloud.bigquery.dataset.DatasetListItem object at 0x000002C2C3EAFA50>
2026-03-29 16:45:47 | ERROR    | BIGQUERY - Insert GCPAsset - Traceback (most recent call last):
  File "C:\Users\t41452\Desktop\Wordir\Desenvolvimento\pmo_hub\.venv\Lib\site-packages\django\db\models\query.py", line 987, in get_or_create
    return self.get(**kwargs), False
           ~~~~~~~~^^^^^^^^^^
  File "C:\Users\t41452\Desktop\Wordir\Desenvolvimento\pmo_hub\.venv\Lib\site-packages\django\db\models\query.py", line 639, in get
    raise self.model.DoesNotExist(
        "%s matching query does not exist." % self.model._meta.object_name
    )
lineage.models.GCPAsset.DoesNotExist: GCPAsset matching query does not exist.

During handling of the above exception, another exception occurred:

Traceback (most recent call last):
  File "C:\Users\t41452\Desktop\Wordir\Desenvolvimento\pmo_hub\.venv\Lib\site-packages\django\db\models\fields\__init__.py", line 2128, in get_prep_value
    return int(value)
ValueError: invalid literal for int() with base 10: 'eqtl-prj-dev-dlk-bronze'

The above exception was the direct cause of the following exception:

Traceback (most recent call last):
  File "C:\Users\t41452\Desktop\Wordir\Desenvolvimento\pmo_hub\pmo_hub\lineage\services.py", line 263, in sync_all_from_gcp
    asset, _ = GCPAsset.objects.update_or_create(
               ~~~~~~~~~~~~~~~~~~~~~~~~~~~~~~~~~^
        uri=f"{pid}:{ds.dataset_id}",
        ^^^^^^^^^^^^^^^^^^^^^^^^^^^^^
        defaults=defaults,
        ^^^^^^^^^^^^^^^^^^
    )
    ^
  File "C:\Users\t41452\Desktop\Wordir\Desenvolvimento\pmo_hub\.venv\Lib\site-packages\django\db\models\manager.py", line 87, in manager_method
    return getattr(self.get_queryset(), name)(*args, **kwargs)
           ~~~~~~~~~~~~~~~~~~~~~~~~~~~~~~~~~~^^^^^^^^^^^^^^^^^
  File "C:\Users\t41452\Desktop\Wordir\Desenvolvimento\pmo_hub\.venv\Lib\site-packages\django\db\models\query.py", line 1029, in update_or_create
    obj, created = self.select_for_update().get_or_create(
                   ~~~~~~~~~~~~~~~~~~~~~~~~~~~~~~~~~~~~~~^
        create_defaults, **kwargs
        ^^^^^^^^^^^^^^^^^^^^^^^^^
    )
    ^
  File "C:\Users\t41452\Desktop\Wordir\Desenvolvimento\pmo_hub\.venv\Lib\site-packages\django\db\models\query.py", line 994, in get_or_create
    return self.create(**params), True
           ~~~~~~~~~~~^^^^^^^^^^
  File "C:\Users\t41452\Desktop\Wordir\Desenvolvimento\pmo_hub\.venv\Lib\site-packages\django\db\models\query.py", line 669, in create
    obj.save(force_insert=True, using=self.db)
    ~~~~~~~~^^^^^^^^^^^^^^^^^^^^^^^^^^^^^^^^^^
  File "C:\Users\t41452\Desktop\Wordir\Desenvolvimento\pmo_hub\.venv\Lib\site-packages\django\db\models\base.py", line 874, in save
    self.save_base(
    ~~~~~~~~~~~~~~^
        using=using,
        ^^^^^^^^^^^^
    ...<2 lines>...
        update_fields=update_fields,
        ^^^^^^^^^^^^^^^^^^^^^^^^^^^^
    )
    ^
  File "C:\Users\t41452\Desktop\Wordir\Desenvolvimento\pmo_hub\.venv\Lib\site-packages\django\db\models\base.py", line 966, in save_base
    updated = self._save_table(
        raw,
    ...<4 lines>...
        update_fields,
    )
  File "C:\Users\t41452\Desktop\Wordir\Desenvolvimento\pmo_hub\.venv\Lib\site-packages\django\db\models\base.py", line 1167, in _save_table
    results = self._do_insert(
        cls._base_manager, using, insert_fields, returning_fields, raw
    )
  File "C:\Users\t41452\Desktop\Wordir\Desenvolvimento\pmo_hub\.venv\Lib\site-packages\django\db\models\base.py", line 1218, in _do_insert
    return manager._insert(
           ~~~~~~~~~~~~~~~^
        [self],
        ^^^^^^^
    ...<3 lines>...
        raw=raw,
        ^^^^^^^^
    )
    ^
  File "C:\Users\t41452\Desktop\Wordir\Desenvolvimento\pmo_hub\.venv\Lib\site-packages\django\db\models\manager.py", line 87, in manager_method
    return getattr(self.get_queryset(), name)(*args, **kwargs)
           ~~~~~~~~~~~~~~~~~~~~~~~~~~~~~~~~~~^^^^^^^^^^^^^^^^^
  File "C:\Users\t41452\Desktop\Wordir\Desenvolvimento\pmo_hub\.venv\Lib\site-packages\django\db\models\query.py", line 1918, in _insert
    return query.get_compiler(using=using).execute_sql(returning_fields)
           ~~~~~~~~~~~~~~~~~~~~~~~~~~~~~~~~~~~~~~~~~~~^^^^^^^^^^^^^^^^^^
  File "C:\Users\t41452\Desktop\Wordir\Desenvolvimento\pmo_hub\.venv\Lib\site-packages\django\db\models\sql\compiler.py", line 1924, in execute_sql
    for sql, params in self.as_sql():
                       ~~~~~~~~~~~^^
  File "C:\Users\t41452\Desktop\Wordir\Desenvolvimento\pmo_hub\.venv\Lib\site-packages\django\db\models\sql\compiler.py", line 1813, in as_sql
    field_prepare(field_pre_save(obj)) for obj in self.query.objs
    ~~~~~~~~~~~~~^^^^^^^^^^^^^^^^^^^^^
  File "C:\Users\t41452\Desktop\Wordir\Desenvolvimento\pmo_hub\.venv\Lib\site-packages\django\db\models\sql\compiler.py", line 1742, in prepare_value
    return field.get_db_prep_save(value, connection=self.connection)
           ~~~~~~~~~~~~~~~~~~~~~~^^^^^^^^^^^^^^^^^^^^^^^^^^^^^^^^^^^
  File "C:\Users\t41452\Desktop\Wordir\Desenvolvimento\pmo_hub\.venv\Lib\site-packages\django\db\models\fields\related.py", line 1189, in get_db_prep_save
    return self.target_field.get_db_prep_save(value, connection=connection)
           ~~~~~~~~~~~~~~~~~~~~~~~~~~~~~~~~~~^^^^^^^^^^^^^^^^^^^^^^^^^^^^^^
  File "C:\Users\t41452\Desktop\Wordir\Desenvolvimento\pmo_hub\.venv\Lib\site-packages\django\db\models\fields\__init__.py", line 1011, in get_db_prep_save
    return self.get_db_prep_value(value, connection=connection, prepared=False)
           ~~~~~~~~~~~~~~~~~~~~~~^^^^^^^^^^^^^^^^^^^^^^^^^^^^^^^^^^^^^^^^^^^^^^
  File "C:\Users\t41452\Desktop\Wordir\Desenvolvimento\pmo_hub\.venv\Lib\site-packages\django\db\models\fields\__init__.py", line 2820, in get_db_prep_value
    value = self.get_prep_value(value)
  File "C:\Users\t41452\Desktop\Wordir\Desenvolvimento\pmo_hub\.venv\Lib\site-packages\django\db\models\fields\__init__.py", line 2130, in get_prep_value
    raise e.__class__(
        "Field '%s' expected a number but got %r." % (self.name, value),
    ) from e
ValueError: Field 'id' expected a number but got 'eqtl-prj-dev-dlk-bronze'.

2026-03-29 16:45:51 | INFO     | BIGQUERY - Detalhes projeto - project_id=eqtl-prj-dev-dlk-governance | friendly_name=eqtl-prj-dev-dlk-governance
2026-03-29 16:45:53 | INFO     | BIGQUERY - Entrou em ds_item <google.cloud.bigquery.dataset.DatasetListItem object at 0x000002C2C3EEE990>
2026-03-29 16:45:53 | ERROR    | BIGQUERY - Insert GCPAsset - Traceback (most recent call last):
  File "C:\Users\t41452\Desktop\Wordir\Desenvolvimento\pmo_hub\.venv\Lib\site-packages\django\db\models\query.py", line 987, in get_or_create
    return self.get(**kwargs), False
           ~~~~~~~~^^^^^^^^^^
  File "C:\Users\t41452\Desktop\Wordir\Desenvolvimento\pmo_hub\.venv\Lib\site-packages\django\db\models\query.py", line 639, in get
    raise self.model.DoesNotExist(
        "%s matching query does not exist." % self.model._meta.object_name
    )
lineage.models.GCPAsset.DoesNotExist: GCPAsset matching query does not exist.

During handling of the above exception, another exception occurred:

Traceback (most recent call last):
  File "C:\Users\t41452\Desktop\Wordir\Desenvolvimento\pmo_hub\.venv\Lib\site-packages\django\db\models\fields\__init__.py", line 2128, in get_prep_value
    return int(value)
ValueError: invalid literal for int() with base 10: 'eqtl-prj-dev-dlk-governance'

The above exception was the direct cause of the following exception:

Traceback (most recent call last):
  File "C:\Users\t41452\Desktop\Wordir\Desenvolvimento\pmo_hub\pmo_hub\lineage\services.py", line 263, in sync_all_from_gcp
    asset, _ = GCPAsset.objects.update_or_create(
               ~~~~~~~~~~~~~~~~~~~~~~~~~~~~~~~~~^
        uri=f"{pid}:{ds.dataset_id}",
        ^^^^^^^^^^^^^^^^^^^^^^^^^^^^^
        defaults=defaults,
        ^^^^^^^^^^^^^^^^^^
    )
    ^
  File "C:\Users\t41452\Desktop\Wordir\Desenvolvimento\pmo_hub\.venv\Lib\site-packages\django\db\models\manager.py", line 87, in manager_method
    return getattr(self.get_queryset(), name)(*args, **kwargs)
           ~~~~~~~~~~~~~~~~~~~~~~~~~~~~~~~~~~^^^^^^^^^^^^^^^^^
  File "C:\Users\t41452\Desktop\Wordir\Desenvolvimento\pmo_hub\.venv\Lib\site-packages\django\db\models\query.py", line 1029, in update_or_create
    obj, created = self.select_for_update().get_or_create(
                   ~~~~~~~~~~~~~~~~~~~~~~~~~~~~~~~~~~~~~~^
        create_defaults, **kwargs
        ^^^^^^^^^^^^^^^^^^^^^^^^^
    )
    ^
  File "C:\Users\t41452\Desktop\Wordir\Desenvolvimento\pmo_hub\.venv\Lib\site-packages\django\db\models\query.py", line 994, in get_or_create
    return self.create(**params), True
           ~~~~~~~~~~~^^^^^^^^^^
  File "C:\Users\t41452\Desktop\Wordir\Desenvolvimento\pmo_hub\.venv\Lib\site-packages\django\db\models\query.py", line 669, in create
    obj.save(force_insert=True, using=self.db)
    ~~~~~~~~^^^^^^^^^^^^^^^^^^^^^^^^^^^^^^^^^^
  File "C:\Users\t41452\Desktop\Wordir\Desenvolvimento\pmo_hub\.venv\Lib\site-packages\django\db\models\base.py", line 874, in save
    self.save_base(
    ~~~~~~~~~~~~~~^
        using=using,
        ^^^^^^^^^^^^
    ...<2 lines>...
        update_fields=update_fields,
        ^^^^^^^^^^^^^^^^^^^^^^^^^^^^
    )
    ^
  File "C:\Users\t41452\Desktop\Wordir\Desenvolvimento\pmo_hub\.venv\Lib\site-packages\django\db\models\base.py", line 966, in save_base
    updated = self._save_table(
        raw,
    ...<4 lines>...
        update_fields,
    )
  File "C:\Users\t41452\Desktop\Wordir\Desenvolvimento\pmo_hub\.venv\Lib\site-packages\django\db\models\base.py", line 1167, in _save_table
    results = self._do_insert(
        cls._base_manager, using, insert_fields, returning_fields, raw
    )
  File "C:\Users\t41452\Desktop\Wordir\Desenvolvimento\pmo_hub\.venv\Lib\site-packages\django\db\models\base.py", line 1218, in _do_insert
    return manager._insert(
           ~~~~~~~~~~~~~~~^
        [self],
        ^^^^^^^
    ...<3 lines>...
        raw=raw,
        ^^^^^^^^
    )
    ^
  File "C:\Users\t41452\Desktop\Wordir\Desenvolvimento\pmo_hub\.venv\Lib\site-packages\django\db\models\manager.py", line 87, in manager_method
    return getattr(self.get_queryset(), name)(*args, **kwargs)
           ~~~~~~~~~~~~~~~~~~~~~~~~~~~~~~~~~~^^^^^^^^^^^^^^^^^
  File "C:\Users\t41452\Desktop\Wordir\Desenvolvimento\pmo_hub\.venv\Lib\site-packages\django\db\models\query.py", line 1918, in _insert
    return query.get_compiler(using=using).execute_sql(returning_fields)
           ~~~~~~~~~~~~~~~~~~~~~~~~~~~~~~~~~~~~~~~~~~~^^^^^^^^^^^^^^^^^^
  File "C:\Users\t41452\Desktop\Wordir\Desenvolvimento\pmo_hub\.venv\Lib\site-packages\django\db\models\sql\compiler.py", line 1924, in execute_sql
    for sql, params in self.as_sql():
                       ~~~~~~~~~~~^^
  File "C:\Users\t41452\Desktop\Wordir\Desenvolvimento\pmo_hub\.venv\Lib\site-packages\django\db\models\sql\compiler.py", line 1813, in as_sql
    field_prepare(field_pre_save(obj)) for obj in self.query.objs
    ~~~~~~~~~~~~~^^^^^^^^^^^^^^^^^^^^^
  File "C:\Users\t41452\Desktop\Wordir\Desenvolvimento\pmo_hub\.venv\Lib\site-packages\django\db\models\sql\compiler.py", line 1742, in prepare_value
    return field.get_db_prep_save(value, connection=self.connection)
           ~~~~~~~~~~~~~~~~~~~~~~^^^^^^^^^^^^^^^^^^^^^^^^^^^^^^^^^^^
  File "C:\Users\t41452\Desktop\Wordir\Desenvolvimento\pmo_hub\.venv\Lib\site-packages\django\db\models\fields\related.py", line 1189, in get_db_prep_save
    return self.target_field.get_db_prep_save(value, connection=connection)
           ~~~~~~~~~~~~~~~~~~~~~~~~~~~~~~~~~~^^^^^^^^^^^^^^^^^^^^^^^^^^^^^^
  File "C:\Users\t41452\Desktop\Wordir\Desenvolvimento\pmo_hub\.venv\Lib\site-packages\django\db\models\fields\__init__.py", line 1011, in get_db_prep_save
    return self.get_db_prep_value(value, connection=connection, prepared=False)
           ~~~~~~~~~~~~~~~~~~~~~~^^^^^^^^^^^^^^^^^^^^^^^^^^^^^^^^^^^^^^^^^^^^^^
  File "C:\Users\t41452\Desktop\Wordir\Desenvolvimento\pmo_hub\.venv\Lib\site-packages\django\db\models\fields\__init__.py", line 2820, in get_db_prep_value
    value = self.get_prep_value(value)
  File "C:\Users\t41452\Desktop\Wordir\Desenvolvimento\pmo_hub\.venv\Lib\site-packages\django\db\models\fields\__init__.py", line 2130, in get_prep_value
    raise e.__class__(
        "Field '%s' expected a number but got %r." % (self.name, value),
    ) from e
ValueError: Field 'id' expected a number but got 'eqtl-prj-dev-dlk-governance'.

2026-03-29 16:45:57 | INFO     | BIGQUERY - Detalhes projeto - project_id=eqtl-prj-dev-dlk-pipeline | friendly_name=eqtl-prj-dev-dlk-pipeline
2026-03-29 16:45:59 | INFO     | BIGQUERY - Entrou em ds_item <google.cloud.bigquery.dataset.DatasetListItem object at 0x000002C2C40F1C70>
2026-03-29 16:45:59 | ERROR    | BIGQUERY - Insert GCPAsset - Traceback (most recent call last):
  File "C:\Users\t41452\Desktop\Wordir\Desenvolvimento\pmo_hub\.venv\Lib\site-packages\django\db\models\query.py", line 987, in get_or_create
    return self.get(**kwargs), False
           ~~~~~~~~^^^^^^^^^^
  File "C:\Users\t41452\Desktop\Wordir\Desenvolvimento\pmo_hub\.venv\Lib\site-packages\django\db\models\query.py", line 639, in get
    raise self.model.DoesNotExist(
        "%s matching query does not exist." % self.model._meta.object_name
    )
lineage.models.GCPAsset.DoesNotExist: GCPAsset matching query does not exist.

During handling of the above exception, another exception occurred:

Traceback (most recent call last):
  File "C:\Users\t41452\Desktop\Wordir\Desenvolvimento\pmo_hub\.venv\Lib\site-packages\django\db\models\fields\__init__.py", line 2128, in get_prep_value
    return int(value)
ValueError: invalid literal for int() with base 10: 'eqtl-prj-dev-dlk-pipeline'

The above exception was the direct cause of the following exception:

Traceback (most recent call last):
  File "C:\Users\t41452\Desktop\Wordir\Desenvolvimento\pmo_hub\pmo_hub\lineage\services.py", line 263, in sync_all_from_gcp
    asset, _ = GCPAsset.objects.update_or_create(
               ~~~~~~~~~~~~~~~~~~~~~~~~~~~~~~~~~^
        uri=f"{pid}:{ds.dataset_id}",
        ^^^^^^^^^^^^^^^^^^^^^^^^^^^^^
        defaults=defaults,
        ^^^^^^^^^^^^^^^^^^
    )
    ^
  File "C:\Users\t41452\Desktop\Wordir\Desenvolvimento\pmo_hub\.venv\Lib\site-packages\django\db\models\manager.py", line 87, in manager_method
    return getattr(self.get_queryset(), name)(*args, **kwargs)
           ~~~~~~~~~~~~~~~~~~~~~~~~~~~~~~~~~~^^^^^^^^^^^^^^^^^
  File "C:\Users\t41452\Desktop\Wordir\Desenvolvimento\pmo_hub\.venv\Lib\site-packages\django\db\models\query.py", line 1029, in update_or_create
    obj, created = self.select_for_update().get_or_create(
                   ~~~~~~~~~~~~~~~~~~~~~~~~~~~~~~~~~~~~~~^
        create_defaults, **kwargs
        ^^^^^^^^^^^^^^^^^^^^^^^^^
    )
    ^
  File "C:\Users\t41452\Desktop\Wordir\Desenvolvimento\pmo_hub\.venv\Lib\site-packages\django\db\models\query.py", line 994, in get_or_create
    return self.create(**params), True
           ~~~~~~~~~~~^^^^^^^^^^
  File "C:\Users\t41452\Desktop\Wordir\Desenvolvimento\pmo_hub\.venv\Lib\site-packages\django\db\models\query.py", line 669, in create
    obj.save(force_insert=True, using=self.db)
    ~~~~~~~~^^^^^^^^^^^^^^^^^^^^^^^^^^^^^^^^^^
  File "C:\Users\t41452\Desktop\Wordir\Desenvolvimento\pmo_hub\.venv\Lib\site-packages\django\db\models\base.py", line 874, in save
    self.save_base(
    ~~~~~~~~~~~~~~^
        using=using,
        ^^^^^^^^^^^^
    ...<2 lines>...
        update_fields=update_fields,
        ^^^^^^^^^^^^^^^^^^^^^^^^^^^^
    )
    ^
  File "C:\Users\t41452\Desktop\Wordir\Desenvolvimento\pmo_hub\.venv\Lib\site-packages\django\db\models\base.py", line 966, in save_base
    updated = self._save_table(
        raw,
    ...<4 lines>...
        update_fields,
    )
  File "C:\Users\t41452\Desktop\Wordir\Desenvolvimento\pmo_hub\.venv\Lib\site-packages\django\db\models\base.py", line 1167, in _save_table
    results = self._do_insert(
        cls._base_manager, using, insert_fields, returning_fields, raw
    )
  File "C:\Users\t41452\Desktop\Wordir\Desenvolvimento\pmo_hub\.venv\Lib\site-packages\django\db\models\base.py", line 1218, in _do_insert
    return manager._insert(
           ~~~~~~~~~~~~~~~^
        [self],
        ^^^^^^^
    ...<3 lines>...
        raw=raw,
        ^^^^^^^^
    )
    ^
  File "C:\Users\t41452\Desktop\Wordir\Desenvolvimento\pmo_hub\.venv\Lib\site-packages\django\db\models\manager.py", line 87, in manager_method
    return getattr(self.get_queryset(), name)(*args, **kwargs)
           ~~~~~~~~~~~~~~~~~~~~~~~~~~~~~~~~~~^^^^^^^^^^^^^^^^^
  File "C:\Users\t41452\Desktop\Wordir\Desenvolvimento\pmo_hub\.venv\Lib\site-packages\django\db\models\query.py", line 1918, in _insert
    return query.get_compiler(using=using).execute_sql(returning_fields)
           ~~~~~~~~~~~~~~~~~~~~~~~~~~~~~~~~~~~~~~~~~~~^^^^^^^^^^^^^^^^^^
  File "C:\Users\t41452\Desktop\Wordir\Desenvolvimento\pmo_hub\.venv\Lib\site-packages\django\db\models\sql\compiler.py", line 1924, in execute_sql
    for sql, params in self.as_sql():
                       ~~~~~~~~~~~^^
  File "C:\Users\t41452\Desktop\Wordir\Desenvolvimento\pmo_hub\.venv\Lib\site-packages\django\db\models\sql\compiler.py", line 1813, in as_sql
    field_prepare(field_pre_save(obj)) for obj in self.query.objs
    ~~~~~~~~~~~~~^^^^^^^^^^^^^^^^^^^^^
  File "C:\Users\t41452\Desktop\Wordir\Desenvolvimento\pmo_hub\.venv\Lib\site-packages\django\db\models\sql\compiler.py", line 1742, in prepare_value
    return field.get_db_prep_save(value, connection=self.connection)
           ~~~~~~~~~~~~~~~~~~~~~~^^^^^^^^^^^^^^^^^^^^^^^^^^^^^^^^^^^
  File "C:\Users\t41452\Desktop\Wordir\Desenvolvimento\pmo_hub\.venv\Lib\site-packages\django\db\models\fields\related.py", line 1189, in get_db_prep_save
    return self.target_field.get_db_prep_save(value, connection=connection)
           ~~~~~~~~~~~~~~~~~~~~~~~~~~~~~~~~~~^^^^^^^^^^^^^^^^^^^^^^^^^^^^^^
  File "C:\Users\t41452\Desktop\Wordir\Desenvolvimento\pmo_hub\.venv\Lib\site-packages\django\db\models\fields\__init__.py", line 1011, in get_db_prep_save
    return self.get_db_prep_value(value, connection=connection, prepared=False)
           ~~~~~~~~~~~~~~~~~~~~~~^^^^^^^^^^^^^^^^^^^^^^^^^^^^^^^^^^^^^^^^^^^^^^
  File "C:\Users\t41452\Desktop\Wordir\Desenvolvimento\pmo_hub\.venv\Lib\site-packages\django\db\models\fields\__init__.py", line 2820, in get_db_prep_value
    value = self.get_prep_value(value)
  File "C:\Users\t41452\Desktop\Wordir\Desenvolvimento\pmo_hub\.venv\Lib\site-packages\django\db\models\fields\__init__.py", line 2130, in get_prep_value
    raise e.__class__(
        "Field '%s' expected a number but got %r." % (self.name, value),
    ) from e
ValueError: Field 'id' expected a number but got 'eqtl-prj-dev-dlk-pipeline'.

2026-03-29 16:46:04 | INFO     | BIGQUERY - Detalhes projeto - project_id=backoffice-440214 | friendly_name=backoffice
2026-03-29 16:46:06 | INFO     | BIGQUERY - Detalhes projeto - project_id=projeto-td | friendly_name=Projeto-TD
2026-03-29 16:46:08 | INFO     | BIGQUERY - Detalhes projeto - project_id=openshift-dev-hml | friendly_name=openshift-dev-hml
