2026-03-29 17:05:35 | INFO     | STORAGE - Detalhes storage - <google.cloud.storage.client.Client object at 0x0000027157EF42F0>
2026-03-29 17:05:37 | WARNING  | STORAGE - Acesso bloqueado por VPC-SC no projeto eqtl-prj-dev-dlk-governance-ia. Pulando...
2026-03-29 17:05:43 | INFO     | STORAGE - Detalhes storage - <google.cloud.storage.client.Client object at 0x000002715878E850>
2026-03-29 17:05:45 | ERROR    | STORAGE - Insert GCPAsset - Traceback (most recent call last):
  File "C:\Users\t41452\Desktop\Wordir\Desenvolvimento\pmo_hub\pmo_hub\lineage\services.py", line 322, in sync_all_from_gcp
    for bucket in s_client.list_buckets():
                  ~~~~~~~~~~~~~~~~~~~~~^^
  File "C:\Users\t41452\Desktop\Wordir\Desenvolvimento\pmo_hub\.venv\Lib\site-packages\google\api_core\page_iterator.py", line 208, in _items_iter
    for page in self._page_iter(increment=False):
                ~~~~~~~~~~~~~~~^^^^^^^^^^^^^^^^^
  File "C:\Users\t41452\Desktop\Wordir\Desenvolvimento\pmo_hub\.venv\Lib\site-packages\google\api_core\page_iterator.py", line 244, in _page_iter
    page = self._next_page()
  File "C:\Users\t41452\Desktop\Wordir\Desenvolvimento\pmo_hub\.venv\Lib\site-packages\google\api_core\page_iterator.py", line 373, in _next_page
    response = self._get_next_page_response()
  File "C:\Users\t41452\Desktop\Wordir\Desenvolvimento\pmo_hub\.venv\Lib\site-packages\google\api_core\page_iterator.py", line 432, in _get_next_page_response
    return self.api_request(
           ~~~~~~~~~~~~~~~~^
        method=self._HTTP_METHOD, path=self.path, query_params=params
        ^^^^^^^^^^^^^^^^^^^^^^^^^^^^^^^^^^^^^^^^^^^^^^^^^^^^^^^^^^^^^
    )
    ^
  File "C:\Users\t41452\Desktop\Wordir\Desenvolvimento\pmo_hub\.venv\Lib\site-packages\google\cloud\storage\_http.py", line 90, in api_request
    return call()
  File "C:\Users\t41452\Desktop\Wordir\Desenvolvimento\pmo_hub\.venv\Lib\site-packages\google\api_core\retry\retry_unary.py", line 294, in retry_wrapped_func
    return retry_target(
        target,
    ...<3 lines>...
        on_error=on_error,
    )
  File "C:\Users\t41452\Desktop\Wordir\Desenvolvimento\pmo_hub\.venv\Lib\site-packages\google\api_core\retry\retry_unary.py", line 156, in retry_target
    next_sleep = _retry_error_helper(
        exc,
    ...<6 lines>...
        timeout,
    )
  File "C:\Users\t41452\Desktop\Wordir\Desenvolvimento\pmo_hub\.venv\Lib\site-packages\google\api_core\retry\retry_base.py", line 216, in _retry_error_helper
    raise final_exc from source_exc
  File "C:\Users\t41452\Desktop\Wordir\Desenvolvimento\pmo_hub\.venv\Lib\site-packages\google\api_core\retry\retry_unary.py", line 147, in retry_target
    result = target()
  File "C:\Users\t41452\Desktop\Wordir\Desenvolvimento\pmo_hub\.venv\Lib\site-packages\google\cloud\_http\__init__.py", line 494, in api_request
    raise exceptions.from_http_response(response)
google.api_core.exceptions.BadRequest: 400 GET https://storage.googleapis.com/storage/v1/b?project=eqtl-prj-shd-dlk-governanca&projection=noAcl&prettyPrint=false: Project id: 0 is invalid or not found

